** has_many_polymorphs: rails environment detected
INFO: Mirroring assets from /usr/local/lib/ruby/gems/1.8/gems/spree-0.5.99/vendor/extensions/localization/public to /Users/tapn2it/Projects/Attic/rails/attic-antiques/public
INFO: Loading mail preferences
DEPRECATION WARNING: You're using the Ruby-based MySQL library that ships with Rails. This library will be REMOVED FROM RAILS 2.2. Please switch to the offical mysql gem: `gem install mysql`  See http://www.rubyonrails.org/deprecation for details. (called from mysql_connection at /usr/local/lib/ruby/gems/1.8/gems/activerecord-2.1.2/lib/active_record/connection_adapters/mysql_adapter.rb:81)
=========================================================================
ERROR: Something went wrong while loading mail preferences
       Verify you created a default configuration in admin/configurations
=========================================================================
INFO: Loading routes from /usr/local/lib/ruby/gems/1.8/gems/spree-0.5.99/vendor/extensions/localization/config/routes.rb
INFO: Loading routes from /usr/local/lib/ruby/gems/1.8/gems/spree-0.5.99/vendor/extensions/payment_gateway/config/routes.rb
INFO: Loading routes from /usr/local/lib/ruby/gems/1.8/gems/spree-0.5.99/vendor/extensions/shipping/config/routes.rb
INFO: Loading routes from /usr/local/lib/ruby/gems/1.8/gems/spree-0.5.99/vendor/extensions/tax_calculator/config/routes.rb


Processing ContentController#show (for 127.0.0.1 at 2009-01-01 14:45:34) [GET]
  Session ID: BAh7CToOcmV0dXJuX3RvIgGEL2FkbWluP29hdXRoX3RpbWVzdGFtcD0xMjMw
NzA1MDAzJm9hdXRoX25vbmNlPW1JU2lLeSZvYXV0aF9zaWduYXR1cmVfbWV0
aG9kPUhNQUMtU0hBMSZvYXV0aF9zaWduYXR1cmU9MjJWVnpUeE9WME52Sm1S
SEFDV0xvNDZTZ25ZJTNEOgxjc3JmX2lkIiU2NjkzZWVjZGY4MTY5ZjZmMDA4
OGQ3MmJmMGM2ODBlMzoMdXNlcl9pZGkE2e7TByIKZmxhc2hJQzonQWN0aW9u
Q29udHJvbGxlcjo6Rmxhc2g6OkZsYXNoSGFzaHsABjoKQHVzZWR7AA==--4af770a6aa0a23b6c4c6d47bb262e8ce1fc805d5
  Parameters: {"oauth_nonce"=>"m4SZ1p", "action"=>"show", "oauth_signature_method"=>"HMAC-SHA1", "controller"=>"content", "oauth_timestamp"=>"1230849933", "path"=>["admin", "mailing_lists"], "oauth_signature"=>"ZTwR6A4590mOEzOpdf5cVMW28FA="}


CGI::Session::CookieStore::TamperedWithCookie (CGI::Session::CookieStore::TamperedWithCookie):
    /usr/local/lib/ruby/gems/1.8/gems/actionpack-2.1.2/lib/action_controller/session/cookie_store.rb:144:in `unmarshal'
    /usr/local/lib/ruby/gems/1.8/gems/actionpack-2.1.2/lib/action_controller/session/cookie_store.rb:101:in `restore'
    /usr/local/lib/ruby/1.8/cgi/session.rb:304:in `[]'
    /usr/local/lib/ruby/gems/1.8/gems/actionpack-2.1.2/lib/action_controller/cgi_process.rb:136:in `session'
    /usr/local/lib/ruby/gems/1.8/gems/actionpack-2.1.2/lib/action_controller/cgi_process.rb:168:in `stale_session_check!'
    /usr/local/lib/ruby/gems/1.8/gems/actionpack-2.1.2/lib/action_controller/cgi_process.rb:116:in `session'
    /usr/local/lib/ruby/gems/1.8/gems/actionpack-2.1.2/lib/action_controller/base.rb:1139:in `assign_shortcuts_without_flash'
    /usr/local/lib/ruby/gems/1.8/gems/actionpack-2.1.2/lib/action_controller/flash.rb:166:in `assign_shortcuts'
    /usr/local/lib/ruby/gems/1.8/gems/actionpack-2.1.2/lib/action_controller/base.rb:523:in `process_without_filters'
    /usr/local/lib/ruby/gems/1.8/gems/actionpack-2.1.2/lib/action_controller/filters.rb:568:in `process_without_session_management_support'
    /usr/local/lib/ruby/gems/1.8/gems/actionpack-2.1.2/lib/action_controller/session_management.rb:130:in `process'
    /usr/local/lib/ruby/gems/1.8/gems/actionpack-2.1.2/lib/action_controller/base.rb:389:in `process'
    /usr/local/lib/ruby/gems/1.8/gems/actionpack-2.1.2/lib/action_controller/dispatcher.rb:149:in `handle_request'
    /usr/local/lib/ruby/gems/1.8/gems/actionpack-2.1.2/lib/action_controller/dispatcher.rb:107:in `dispatch'
    /usr/local/lib/ruby/gems/1.8/gems/actionpack-2.1.2/lib/action_controller/dispatcher.rb:104:in `synchronize'
    /usr/local/lib/ruby/gems/1.8/gems/actionpack-2.1.2/lib/action_controller/dispatcher.rb:104:in `dispatch'
    /usr/local/lib/ruby/gems/1.8/gems/actionpack-2.1.2/lib/action_controller/dispatcher.rb:120:in `dispatch_cgi'
    /usr/local/lib/ruby/gems/1.8/gems/actionpack-2.1.2/lib/action_controller/dispatcher.rb:35:in `dispatch'
    /usr/local/lib/ruby/gems/1.8/gems/mongrel-1.1.5/bin/../lib/mongrel/rails.rb:76:in `process'
    /usr/local/lib/ruby/gems/1.8/gems/mongrel-1.1.5/bin/../lib/mongrel/rails.rb:74:in `synchronize'
    /usr/local/lib/ruby/gems/1.8/gems/mongrel-1.1.5/bin/../lib/mongrel/rails.rb:74:in `process'
    /usr/local/lib/ruby/gems/1.8/gems/mongrel-1.1.5/lib/mongrel.rb:159:in `process_client'
    /usr/local/lib/ruby/gems/1.8/gems/mongrel-1.1.5/lib/mongrel.rb:158:in `each'
    /usr/local/lib/ruby/gems/1.8/gems/mongrel-1.1.5/lib/mongrel.rb:158:in `process_client'
    /usr/local/lib/ruby/gems/1.8/gems/mongrel-1.1.5/lib/mongrel.rb:285:in `run'
    /usr/local/lib/ruby/gems/1.8/gems/mongrel-1.1.5/lib/mongrel.rb:285:in `initialize'
    /usr/local/lib/ruby/gems/1.8/gems/mongrel-1.1.5/lib/mongrel.rb:285:in `new'
    /usr/local/lib/ruby/gems/1.8/gems/mongrel-1.1.5/lib/mongrel.rb:285:in `run'
    /usr/local/lib/ruby/gems/1.8/gems/mongrel-1.1.5/lib/mongrel.rb:268:in `initialize'
    /usr/local/lib/ruby/gems/1.8/gems/mongrel-1.1.5/lib/mongrel.rb:268:in `new'
    /usr/local/lib/ruby/gems/1.8/gems/mongrel-1.1.5/lib/mongrel.rb:268:in `run'
    /usr/local/lib/ruby/gems/1.8/gems/mongrel-1.1.5/lib/mongrel/configurator.rb:282:in `run'
    /usr/local/lib/ruby/gems/1.8/gems/mongrel-1.1.5/lib/mongrel/configurator.rb:281:in `each'
    /usr/local/lib/ruby/gems/1.8/gems/mongrel-1.1.5/lib/mongrel/configurator.rb:281:in `run'
    /usr/local/lib/ruby/gems/1.8/gems/mongrel-1.1.5/bin/mongrel_rails:128:in `run'
    /usr/local/lib/ruby/gems/1.8/gems/mongrel-1.1.5/lib/mongrel/command.rb:212:in `run'
    /usr/local/lib/ruby/gems/1.8/gems/mongrel-1.1.5/bin/mongrel_rails:281
    /usr/local/lib/ruby/gems/1.8/gems/activesupport-2.1.2/lib/active_support/dependencies.rb:503:in `load'
    /usr/local/lib/ruby/gems/1.8/gems/activesupport-2.1.2/lib/active_support/dependencies.rb:503:in `load'
    /usr/local/lib/ruby/gems/1.8/gems/activesupport-2.1.2/lib/active_support/dependencies.rb:355:in `new_constants_in'
    /usr/local/lib/ruby/gems/1.8/gems/activesupport-2.1.2/lib/active_support/dependencies.rb:503:in `load'
    /usr/local/lib/ruby/gems/1.8/gems/rails-2.1.2/lib/commands/servers/mongrel.rb:64
    /usr/local/lib/ruby/site_ruby/1.8/rubygems/custom_require.rb:27:in `gem_original_require'
    /usr/local/lib/ruby/site_ruby/1.8/rubygems/custom_require.rb:27:in `require'
    /usr/local/lib/ruby/gems/1.8/gems/activesupport-2.1.2/lib/active_support/dependencies.rb:510:in `require'
    /usr/local/lib/ruby/gems/1.8/gems/activesupport-2.1.2/lib/active_support/dependencies.rb:355:in `new_constants_in'
    /usr/local/lib/ruby/gems/1.8/gems/activesupport-2.1.2/lib/active_support/dependencies.rb:510:in `require'
    /usr/local/lib/ruby/gems/1.8/gems/rails-2.1.2/lib/commands/server.rb:39
    /usr/local/lib/ruby/site_ruby/1.8/rubygems/custom_require.rb:27:in `gem_original_require'
    /usr/local/lib/ruby/site_ruby/1.8/rubygems/custom_require.rb:27:in `require'
    script/server:3

Rendering /usr/local/lib/ruby/gems/1.8/gems/actionpack-2.1.2/lib/action_controller/templates/rescues/layout.erb (internal_server_error)


Processing ContentController#show (for 127.0.0.1 at 2009-01-01 14:45:34) [GET]
  Session ID: BAh7BiIKZmxhc2hJQzonQWN0aW9uQ29udHJvbGxlcjo6Rmxhc2g6OkZsYXNo
SGFzaHsABjoKQHVzZWR7AA==--e33eec26ec6adce39e95a97e2653133e72739d74
  Parameters: {"oauth_nonce"=>"lyDINe", "action"=>"show", "oauth_signature_method"=>"HMAC-SHA1", "controller"=>"content", "oauth_timestamp"=>"1230849934", "path"=>["admin", "mailing_lists"], "oauth_signature"=>"9i8GFeCwHUJD1v/lPictdy6JKNo="}


ActiveRecord::StatementInvalid (Mysql::Error: #42S02Table 'attic_antiques_production.taxonomies' doesn't exist: SELECT * FROM `taxonomies`     ):
    /usr/local/lib/ruby/gems/1.8/gems/activerecord-2.1.2/lib/active_record/connection_adapters/abstract_adapter.rb:147:in `log'
    /usr/local/lib/ruby/gems/1.8/gems/activerecord-2.1.2/lib/active_record/connection_adapters/mysql_adapter.rb:302:in `execute'
    /usr/local/lib/ruby/gems/1.8/gems/activerecord-2.1.2/lib/active_record/connection_adapters/mysql_adapter.rb:537:in `select'
    /usr/local/lib/ruby/gems/1.8/gems/activerecord-2.1.2/lib/active_record/connection_adapters/abstract/database_statements.rb:7:in `select_all_without_query_cache'
    /usr/local/lib/ruby/gems/1.8/gems/activerecord-2.1.2/lib/active_record/connection_adapters/abstract/query_cache.rb:59:in `select_all'
    /usr/local/lib/ruby/gems/1.8/gems/activerecord-2.1.2/lib/active_record/connection_adapters/abstract/query_cache.rb:80:in `cache_sql'
    /usr/local/lib/ruby/gems/1.8/gems/activerecord-2.1.2/lib/active_record/connection_adapters/abstract/query_cache.rb:59:in `select_all'
    /usr/local/lib/ruby/gems/1.8/gems/activerecord-2.1.2/lib/active_record/base.rb:586:in `find_by_sql'
    /usr/local/lib/ruby/gems/1.8/gems/activerecord-2.1.2/lib/active_record/base.rb:1345:in `find_every'
    /usr/local/lib/ruby/gems/1.8/gems/activerecord-2.1.2/lib/active_record/base.rb:540:in `find_without_pagination'
    /usr/local/lib/ruby/gems/1.8/gems/spree-0.5.99/lib/plugins/paginating_find/lib/paginating_find.rb:103:in `find'
    /usr/local/lib/ruby/gems/1.8/gems/spree-0.5.99/app/controllers/application.rb:26:in `instantiate_controller_and_action_names'
    /usr/local/lib/ruby/gems/1.8/gems/activesupport-2.1.2/lib/active_support/callbacks.rb:173:in `send'
    /usr/local/lib/ruby/gems/1.8/gems/activesupport-2.1.2/lib/active_support/callbacks.rb:173:in `evaluate_method'
    /usr/local/lib/ruby/gems/1.8/gems/activesupport-2.1.2/lib/active_support/callbacks.rb:161:in `call'
    /usr/local/lib/ruby/gems/1.8/gems/actionpack-2.1.2/lib/action_controller/filters.rb:191:in `call'
    /usr/local/lib/ruby/gems/1.8/gems/actionpack-2.1.2/lib/action_controller/filters.rb:591:in `run_before_filters'
    /usr/local/lib/ruby/gems/1.8/gems/actionpack-2.1.2/lib/action_controller/filters.rb:577:in `call_filters'
    /usr/local/lib/ruby/gems/1.8/gems/actionpack-2.1.2/lib/action_controller/filters.rb:572:in `perform_action_without_benchmark'
    /usr/local/lib/ruby/gems/1.8/gems/actionpack-2.1.2/lib/action_controller/benchmarking.rb:68:in `perform_action_without_rescue'
    /usr/local/lib/ruby/1.8/benchmark.rb:293:in `measure'
    /usr/local/lib/ruby/gems/1.8/gems/actionpack-2.1.2/lib/action_controller/benchmarking.rb:68:in `perform_action_without_rescue'
    /usr/local/lib/ruby/gems/1.8/gems/actionpack-2.1.2/lib/action_controller/rescue.rb:201:in `perform_action_without_caching'
    /usr/local/lib/ruby/gems/1.8/gems/actionpack-2.1.2/lib/action_controller/caching/sql_cache.rb:13:in `perform_action'
    /usr/local/lib/ruby/gems/1.8/gems/activerecord-2.1.2/lib/active_record/connection_adapters/abstract/query_cache.rb:33:in `cache'
    /usr/local/lib/ruby/gems/1.8/gems/activerecord-2.1.2/lib/active_record/query_cache.rb:8:in `cache'
    /usr/local/lib/ruby/gems/1.8/gems/actionpack-2.1.2/lib/action_controller/caching/sql_cache.rb:12:in `perform_action'
    /usr/local/lib/ruby/gems/1.8/gems/actionpack-2.1.2/lib/action_controller/base.rb:529:in `send'
    /usr/local/lib/ruby/gems/1.8/gems/actionpack-2.1.2/lib/action_controller/base.rb:529:in `process_without_filters'
    /usr/local/lib/ruby/gems/1.8/gems/actionpack-2.1.2/lib/action_controller/filters.rb:568:in `process_without_session_management_support'
    /usr/local/lib/ruby/gems/1.8/gems/actionpack-2.1.2/lib/action_controller/session_management.rb:130:in `process'
    /usr/local/lib/ruby/gems/1.8/gems/actionpack-2.1.2/lib/action_controller/base.rb:389:in `process'
    /usr/local/lib/ruby/gems/1.8/gems/actionpack-2.1.2/lib/action_controller/dispatcher.rb:149:in `handle_request'
    /usr/local/lib/ruby/gems/1.8/gems/actionpack-2.1.2/lib/action_controller/dispatcher.rb:107:in `dispatch'
    /usr/local/lib/ruby/gems/1.8/gems/actionpack-2.1.2/lib/action_controller/dispatcher.rb:104:in `synchronize'
    /usr/local/lib/ruby/gems/1.8/gems/actionpack-2.1.2/lib/action_controller/dispatcher.rb:104:in `dispatch'
    /usr/local/lib/ruby/gems/1.8/gems/actionpack-2.1.2/lib/action_controller/dispatcher.rb:120:in `dispatch_cgi'
    /usr/local/lib/ruby/gems/1.8/gems/actionpack-2.1.2/lib/action_controller/dispatcher.rb:35:in `dispatch'
    /usr/local/lib/ruby/gems/1.8/gems/mongrel-1.1.5/bin/../lib/mongrel/rails.rb:76:in `process'
    /usr/local/lib/ruby/gems/1.8/gems/mongrel-1.1.5/bin/../lib/mongrel/rails.rb:74:in `synchronize'
    /usr/local/lib/ruby/gems/1.8/gems/mongrel-1.1.5/bin/../lib/mongrel/rails.rb:74:in `process'
    /usr/local/lib/ruby/gems/1.8/gems/mongrel-1.1.5/lib/mongrel.rb:159:in `process_client'
    /usr/local/lib/ruby/gems/1.8/gems/mongrel-1.1.5/lib/mongrel.rb:158:in `each'
    /usr/local/lib/ruby/gems/1.8/gems/mongrel-1.1.5/lib/mongrel.rb:158:in `process_client'
    /usr/local/lib/ruby/gems/1.8/gems/mongrel-1.1.5/lib/mongrel.rb:285:in `run'
    /usr/local/lib/ruby/gems/1.8/gems/mongrel-1.1.5/lib/mongrel.rb:285:in `initialize'
    /usr/local/lib/ruby/gems/1.8/gems/mongrel-1.1.5/lib/mongrel.rb:285:in `new'
    /usr/local/lib/ruby/gems/1.8/gems/mongrel-1.1.5/lib/mongrel.rb:285:in `run'
    /usr/local/lib/ruby/gems/1.8/gems/mongrel-1.1.5/lib/mongrel.rb:268:in `initialize'
    /usr/local/lib/ruby/gems/1.8/gems/mongrel-1.1.5/lib/mongrel.rb:268:in `new'
    /usr/local/lib/ruby/gems/1.8/gems/mongrel-1.1.5/lib/mongrel.rb:268:in `run'
    /usr/local/lib/ruby/gems/1.8/gems/mongrel-1.1.5/lib/mongrel/configurator.rb:282:in `run'
    /usr/local/lib/ruby/gems/1.8/gems/mongrel-1.1.5/lib/mongrel/configurator.rb:281:in `each'
    /usr/local/lib/ruby/gems/1.8/gems/mongrel-1.1.5/lib/mongrel/configurator.rb:281:in `run'
    /usr/local/lib/ruby/gems/1.8/gems/mongrel-1.1.5/bin/mongrel_rails:128:in `run'
    /usr/local/lib/ruby/gems/1.8/gems/mongrel-1.1.5/lib/mongrel/command.rb:212:in `run'
    /usr/local/lib/ruby/gems/1.8/gems/mongrel-1.1.5/bin/mongrel_rails:281
    /usr/local/lib/ruby/gems/1.8/gems/activesupport-2.1.2/lib/active_support/dependencies.rb:503:in `load'
    /usr/local/lib/ruby/gems/1.8/gems/activesupport-2.1.2/lib/active_support/dependencies.rb:503:in `load'
    /usr/local/lib/ruby/gems/1.8/gems/activesupport-2.1.2/lib/active_support/dependencies.rb:355:in `new_constants_in'
    /usr/local/lib/ruby/gems/1.8/gems/activesupport-2.1.2/lib/active_support/dependencies.rb:503:in `load'
    /usr/local/lib/ruby/gems/1.8/gems/rails-2.1.2/lib/commands/servers/mongrel.rb:64
    /usr/local/lib/ruby/site_ruby/1.8/rubygems/custom_require.rb:27:in `gem_original_require'
    /usr/local/lib/ruby/site_ruby/1.8/rubygems/custom_require.rb:27:in `require'
    /usr/local/lib/ruby/gems/1.8/gems/activesupport-2.1.2/lib/active_support/dependencies.rb:510:in `require'
    /usr/local/lib/ruby/gems/1.8/gems/activesupport-2.1.2/lib/active_support/dependencies.rb:355:in `new_constants_in'
    /usr/local/lib/ruby/gems/1.8/gems/activesupport-2.1.2/lib/active_support/dependencies.rb:510:in `require'
    /usr/local/lib/ruby/gems/1.8/gems/rails-2.1.2/lib/commands/server.rb:39
    /usr/local/lib/ruby/site_ruby/1.8/rubygems/custom_require.rb:27:in `gem_original_require'
    /usr/local/lib/ruby/site_ruby/1.8/rubygems/custom_require.rb:27:in `require'
    script/server:3

Rendering /usr/local/lib/ruby/gems/1.8/gems/actionpack-2.1.2/lib/action_controller/templates/rescues/layout.erb (internal_server_error)


Processing Admin::ConfigurationsController#index (for 127.0.0.1 at 2009-01-01 14:45:36) [GET]
  Session ID: BAh7BiIKZmxhc2hJQzonQWN0aW9uQ29udHJvbGxlcjo6Rmxhc2g6OkZsYXNo
SGFzaHsABjoKQHVzZWR7AA==--e33eec26ec6adce39e95a97e2653133e72739d74
  Parameters: {"oauth_nonce"=>"eZy6Gc", "action"=>"index", "oauth_signature_method"=>"HMAC-SHA1", "controller"=>"admin/configurations", "oauth_timestamp"=>"1230849936", "oauth_signature"=>"h+8vTgQLIsIHkNT2TqHynj5r0pw="}


ActiveRecord::StatementInvalid (Mysql::Error: #42S02Table 'attic_antiques_production.taxonomies' doesn't exist: SELECT * FROM `taxonomies`     ):
    /usr/local/lib/ruby/gems/1.8/gems/activerecord-2.1.2/lib/active_record/connection_adapters/abstract_adapter.rb:147:in `log'
    /usr/local/lib/ruby/gems/1.8/gems/activerecord-2.1.2/lib/active_record/connection_adapters/mysql_adapter.rb:302:in `execute'
    /usr/local/lib/ruby/gems/1.8/gems/activerecord-2.1.2/lib/active_record/connection_adapters/mysql_adapter.rb:537:in `select'
    /usr/local/lib/ruby/gems/1.8/gems/activerecord-2.1.2/lib/active_record/connection_adapters/abstract/database_statements.rb:7:in `select_all_without_query_cache'
    /usr/local/lib/ruby/gems/1.8/gems/activerecord-2.1.2/lib/active_record/connection_adapters/abstract/query_cache.rb:59:in `select_all'
    /usr/local/lib/ruby/gems/1.8/gems/activerecord-2.1.2/lib/active_record/connection_adapters/abstract/query_cache.rb:80:in `cache_sql'
    /usr/local/lib/ruby/gems/1.8/gems/activerecord-2.1.2/lib/active_record/connection_adapters/abstract/query_cache.rb:59:in `select_all'
    /usr/local/lib/ruby/gems/1.8/gems/activerecord-2.1.2/lib/active_record/base.rb:586:in `find_by_sql'
    /usr/local/lib/ruby/gems/1.8/gems/activerecord-2.1.2/lib/active_record/base.rb:1345:in `find_every'
    /usr/local/lib/ruby/gems/1.8/gems/activerecord-2.1.2/lib/active_record/base.rb:540:in `find_without_pagination'
    /usr/local/lib/ruby/gems/1.8/gems/spree-0.5.99/lib/plugins/paginating_find/lib/paginating_find.rb:103:in `find'
    /usr/local/lib/ruby/gems/1.8/gems/spree-0.5.99/app/controllers/application.rb:26:in `instantiate_controller_and_action_names'
    /usr/local/lib/ruby/gems/1.8/gems/activesupport-2.1.2/lib/active_support/callbacks.rb:173:in `send'
    /usr/local/lib/ruby/gems/1.8/gems/activesupport-2.1.2/lib/active_support/callbacks.rb:173:in `evaluate_method'
    /usr/local/lib/ruby/gems/1.8/gems/activesupport-2.1.2/lib/active_support/callbacks.rb:161:in `call'
    /usr/local/lib/ruby/gems/1.8/gems/actionpack-2.1.2/lib/action_controller/filters.rb:191:in `call'
    /usr/local/lib/ruby/gems/1.8/gems/actionpack-2.1.2/lib/action_controller/filters.rb:591:in `run_before_filters'
    /usr/local/lib/ruby/gems/1.8/gems/actionpack-2.1.2/lib/action_controller/filters.rb:577:in `call_filters'
    /usr/local/lib/ruby/gems/1.8/gems/actionpack-2.1.2/lib/action_controller/filters.rb:572:in `perform_action_without_benchmark'
    /usr/local/lib/ruby/gems/1.8/gems/actionpack-2.1.2/lib/action_controller/benchmarking.rb:68:in `perform_action_without_rescue'
    /usr/local/lib/ruby/1.8/benchmark.rb:293:in `measure'
    /usr/local/lib/ruby/gems/1.8/gems/actionpack-2.1.2/lib/action_controller/benchmarking.rb:68:in `perform_action_without_rescue'
    /usr/local/lib/ruby/gems/1.8/gems/actionpack-2.1.2/lib/action_controller/rescue.rb:201:in `perform_action_without_caching'
    /usr/local/lib/ruby/gems/1.8/gems/actionpack-2.1.2/lib/action_controller/caching/sql_cache.rb:13:in `perform_action'
    /usr/local/lib/ruby/gems/1.8/gems/activerecord-2.1.2/lib/active_record/connection_adapters/abstract/query_cache.rb:33:in `cache'
    /usr/local/lib/ruby/gems/1.8/gems/activerecord-2.1.2/lib/active_record/query_cache.rb:8:in `cache'
    /usr/local/lib/ruby/gems/1.8/gems/actionpack-2.1.2/lib/action_controller/caching/sql_cache.rb:12:in `perform_action'
    /usr/local/lib/ruby/gems/1.8/gems/actionpack-2.1.2/lib/action_controller/base.rb:529:in `send'
    /usr/local/lib/ruby/gems/1.8/gems/actionpack-2.1.2/lib/action_controller/base.rb:529:in `process_without_filters'
    /usr/local/lib/ruby/gems/1.8/gems/actionpack-2.1.2/lib/action_controller/filters.rb:568:in `process_without_session_management_support'
    /usr/local/lib/ruby/gems/1.8/gems/actionpack-2.1.2/lib/action_controller/session_management.rb:130:in `process'
    /usr/local/lib/ruby/gems/1.8/gems/actionpack-2.1.2/lib/action_controller/base.rb:389:in `process'
    /usr/local/lib/ruby/gems/1.8/gems/actionpack-2.1.2/lib/action_controller/dispatcher.rb:149:in `handle_request'
    /usr/local/lib/ruby/gems/1.8/gems/actionpack-2.1.2/lib/action_controller/dispatcher.rb:107:in `dispatch'
    /usr/local/lib/ruby/gems/1.8/gems/actionpack-2.1.2/lib/action_controller/dispatcher.rb:104:in `synchronize'
    /usr/local/lib/ruby/gems/1.8/gems/actionpack-2.1.2/lib/action_controller/dispatcher.rb:104:in `dispatch'
    /usr/local/lib/ruby/gems/1.8/gems/actionpack-2.1.2/lib/action_controller/dispatcher.rb:120:in `dispatch_cgi'
    /usr/local/lib/ruby/gems/1.8/gems/actionpack-2.1.2/lib/action_controller/dispatcher.rb:35:in `dispatch'
    /usr/local/lib/ruby/gems/1.8/gems/mongrel-1.1.5/bin/../lib/mongrel/rails.rb:76:in `process'
    /usr/local/lib/ruby/gems/1.8/gems/mongrel-1.1.5/bin/../lib/mongrel/rails.rb:74:in `synchronize'
    /usr/local/lib/ruby/gems/1.8/gems/mongrel-1.1.5/bin/../lib/mongrel/rails.rb:74:in `process'
    /usr/local/lib/ruby/gems/1.8/gems/mongrel-1.1.5/lib/mongrel.rb:159:in `process_client'
    /usr/local/lib/ruby/gems/1.8/gems/mongrel-1.1.5/lib/mongrel.rb:158:in `each'
    /usr/local/lib/ruby/gems/1.8/gems/mongrel-1.1.5/lib/mongrel.rb:158:in `process_client'
    /usr/local/lib/ruby/gems/1.8/gems/mongrel-1.1.5/lib/mongrel.rb:285:in `run'
    /usr/local/lib/ruby/gems/1.8/gems/mongrel-1.1.5/lib/mongrel.rb:285:in `initialize'
    /usr/local/lib/ruby/gems/1.8/gems/mongrel-1.1.5/lib/mongrel.rb:285:in `new'
    /usr/local/lib/ruby/gems/1.8/gems/mongrel-1.1.5/lib/mongrel.rb:285:in `run'
    /usr/local/lib/ruby/gems/1.8/gems/mongrel-1.1.5/lib/mongrel.rb:268:in `initialize'
    /usr/local/lib/ruby/gems/1.8/gems/mongrel-1.1.5/lib/mongrel.rb:268:in `new'
    /usr/local/lib/ruby/gems/1.8/gems/mongrel-1.1.5/lib/mongrel.rb:268:in `run'
    /usr/local/lib/ruby/gems/1.8/gems/mongrel-1.1.5/lib/mongrel/configurator.rb:282:in `run'
    /usr/local/lib/ruby/gems/1.8/gems/mongrel-1.1.5/lib/mongrel/configurator.rb:281:in `each'
    /usr/local/lib/ruby/gems/1.8/gems/mongrel-1.1.5/lib/mongrel/configurator.rb:281:in `run'
    /usr/local/lib/ruby/gems/1.8/gems/mongrel-1.1.5/bin/mongrel_rails:128:in `run'
    /usr/local/lib/ruby/gems/1.8/gems/mongrel-1.1.5/lib/mongrel/command.rb:212:in `run'
    /usr/local/lib/ruby/gems/1.8/gems/mongrel-1.1.5/bin/mongrel_rails:281
    /usr/local/lib/ruby/gems/1.8/gems/activesupport-2.1.2/lib/active_support/dependencies.rb:503:in `load'
    /usr/local/lib/ruby/gems/1.8/gems/activesupport-2.1.2/lib/active_support/dependencies.rb:503:in `load'
    /usr/local/lib/ruby/gems/1.8/gems/activesupport-2.1.2/lib/active_support/dependencies.rb:355:in `new_constants_in'
    /usr/local/lib/ruby/gems/1.8/gems/activesupport-2.1.2/lib/active_support/dependencies.rb:503:in `load'
    /usr/local/lib/ruby/gems/1.8/gems/rails-2.1.2/lib/commands/servers/mongrel.rb:64
    /usr/local/lib/ruby/site_ruby/1.8/rubygems/custom_require.rb:27:in `gem_original_require'
    /usr/local/lib/ruby/site_ruby/1.8/rubygems/custom_require.rb:27:in `require'
    /usr/local/lib/ruby/gems/1.8/gems/activesupport-2.1.2/lib/active_support/dependencies.rb:510:in `require'
    /usr/local/lib/ruby/gems/1.8/gems/activesupport-2.1.2/lib/active_support/dependencies.rb:355:in `new_constants_in'
    /usr/local/lib/ruby/gems/1.8/gems/activesupport-2.1.2/lib/active_support/dependencies.rb:510:in `require'
    /usr/local/lib/ruby/gems/1.8/gems/rails-2.1.2/lib/commands/server.rb:39
    /usr/local/lib/ruby/site_ruby/1.8/rubygems/custom_require.rb:27:in `gem_original_require'
    /usr/local/lib/ruby/site_ruby/1.8/rubygems/custom_require.rb:27:in `require'
    script/server:3

Rendering /usr/local/lib/ruby/gems/1.8/gems/actionpack-2.1.2/lib/action_controller/templates/rescues/layout.erb (internal_server_error)


Processing Admin::ConfigurationsController#index (for 127.0.0.1 at 2009-01-01 14:45:36) [GET]
  Session ID: BAh7BiIKZmxhc2hJQzonQWN0aW9uQ29udHJvbGxlcjo6Rmxhc2g6OkZsYXNo
SGFzaHsABjoKQHVzZWR7AA==--e33eec26ec6adce39e95a97e2653133e72739d74
  Parameters: {"oauth_nonce"=>"4NQp4G", "action"=>"index", "oauth_signature_method"=>"HMAC-SHA1", "controller"=>"admin/configurations", "oauth_timestamp"=>"1230849936", "oauth_signature"=>"pdJQAaloMXIMhjAKGt5/b5hmzkk="}


ActiveRecord::StatementInvalid (Mysql::Error: #42S02Table 'attic_antiques_production.taxonomies' doesn't exist: SELECT * FROM `taxonomies`     ):
    /usr/local/lib/ruby/gems/1.8/gems/activerecord-2.1.2/lib/active_record/connection_adapters/abstract_adapter.rb:147:in `log'
    /usr/local/lib/ruby/gems/1.8/gems/activerecord-2.1.2/lib/active_record/connection_adapters/mysql_adapter.rb:302:in `execute'
    /usr/local/lib/ruby/gems/1.8/gems/activerecord-2.1.2/lib/active_record/connection_adapters/mysql_adapter.rb:537:in `select'
    /usr/local/lib/ruby/gems/1.8/gems/activerecord-2.1.2/lib/active_record/connection_adapters/abstract/database_statements.rb:7:in `select_all_without_query_cache'
    /usr/local/lib/ruby/gems/1.8/gems/activerecord-2.1.2/lib/active_record/connection_adapters/abstract/query_cache.rb:59:in `select_all'
    /usr/local/lib/ruby/gems/1.8/gems/activerecord-2.1.2/lib/active_record/connection_adapters/abstract/query_cache.rb:80:in `cache_sql'
    /usr/local/lib/ruby/gems/1.8/gems/activerecord-2.1.2/lib/active_record/connection_adapters/abstract/query_cache.rb:59:in `select_all'
    /usr/local/lib/ruby/gems/1.8/gems/activerecord-2.1.2/lib/active_record/base.rb:586:in `find_by_sql'
    /usr/local/lib/ruby/gems/1.8/gems/activerecord-2.1.2/lib/active_record/base.rb:1345:in `find_every'
    /usr/local/lib/ruby/gems/1.8/gems/activerecord-2.1.2/lib/active_record/base.rb:540:in `find_without_pagination'
    /usr/local/lib/ruby/gems/1.8/gems/spree-0.5.99/lib/plugins/paginating_find/lib/paginating_find.rb:103:in `find'
    /usr/local/lib/ruby/gems/1.8/gems/spree-0.5.99/app/controllers/application.rb:26:in `instantiate_controller_and_action_names'
    /usr/local/lib/ruby/gems/1.8/gems/activesupport-2.1.2/lib/active_support/callbacks.rb:173:in `send'
    /usr/local/lib/ruby/gems/1.8/gems/activesupport-2.1.2/lib/active_support/callbacks.rb:173:in `evaluate_method'
    /usr/local/lib/ruby/gems/1.8/gems/activesupport-2.1.2/lib/active_support/callbacks.rb:161:in `call'
    /usr/local/lib/ruby/gems/1.8/gems/actionpack-2.1.2/lib/action_controller/filters.rb:191:in `call'
    /usr/local/lib/ruby/gems/1.8/gems/actionpack-2.1.2/lib/action_controller/filters.rb:591:in `run_before_filters'
    /usr/local/lib/ruby/gems/1.8/gems/actionpack-2.1.2/lib/action_controller/filters.rb:577:in `call_filters'
    /usr/local/lib/ruby/gems/1.8/gems/actionpack-2.1.2/lib/action_controller/filters.rb:572:in `perform_action_without_benchmark'
    /usr/local/lib/ruby/gems/1.8/gems/actionpack-2.1.2/lib/action_controller/benchmarking.rb:68:in `perform_action_without_rescue'
    /usr/local/lib/ruby/1.8/benchmark.rb:293:in `measure'
    /usr/local/lib/ruby/gems/1.8/gems/actionpack-2.1.2/lib/action_controller/benchmarking.rb:68:in `perform_action_without_rescue'
    /usr/local/lib/ruby/gems/1.8/gems/actionpack-2.1.2/lib/action_controller/rescue.rb:201:in `perform_action_without_caching'
    /usr/local/lib/ruby/gems/1.8/gems/actionpack-2.1.2/lib/action_controller/caching/sql_cache.rb:13:in `perform_action'
    /usr/local/lib/ruby/gems/1.8/gems/activerecord-2.1.2/lib/active_record/connection_adapters/abstract/query_cache.rb:33:in `cache'
    /usr/local/lib/ruby/gems/1.8/gems/activerecord-2.1.2/lib/active_record/query_cache.rb:8:in `cache'
    /usr/local/lib/ruby/gems/1.8/gems/actionpack-2.1.2/lib/action_controller/caching/sql_cache.rb:12:in `perform_action'
    /usr/local/lib/ruby/gems/1.8/gems/actionpack-2.1.2/lib/action_controller/base.rb:529:in `send'
    /usr/local/lib/ruby/gems/1.8/gems/actionpack-2.1.2/lib/action_controller/base.rb:529:in `process_without_filters'
    /usr/local/lib/ruby/gems/1.8/gems/actionpack-2.1.2/lib/action_controller/filters.rb:568:in `process_without_session_management_support'
    /usr/local/lib/ruby/gems/1.8/gems/actionpack-2.1.2/lib/action_controller/session_management.rb:130:in `process'
    /usr/local/lib/ruby/gems/1.8/gems/actionpack-2.1.2/lib/action_controller/base.rb:389:in `process'
    /usr/local/lib/ruby/gems/1.8/gems/actionpack-2.1.2/lib/action_controller/dispatcher.rb:149:in `handle_request'
    /usr/local/lib/ruby/gems/1.8/gems/actionpack-2.1.2/lib/action_controller/dispatcher.rb:107:in `dispatch'
    /usr/local/lib/ruby/gems/1.8/gems/actionpack-2.1.2/lib/action_controller/dispatcher.rb:104:in `synchronize'
    /usr/local/lib/ruby/gems/1.8/gems/actionpack-2.1.2/lib/action_controller/dispatcher.rb:104:in `dispatch'
    /usr/local/lib/ruby/gems/1.8/gems/actionpack-2.1.2/lib/action_controller/dispatcher.rb:120:in `dispatch_cgi'
    /usr/local/lib/ruby/gems/1.8/gems/actionpack-2.1.2/lib/action_controller/dispatcher.rb:35:in `dispatch'
    /usr/local/lib/ruby/gems/1.8/gems/mongrel-1.1.5/bin/../lib/mongrel/rails.rb:76:in `process'
    /usr/local/lib/ruby/gems/1.8/gems/mongrel-1.1.5/bin/../lib/mongrel/rails.rb:74:in `synchronize'
    /usr/local/lib/ruby/gems/1.8/gems/mongrel-1.1.5/bin/../lib/mongrel/rails.rb:74:in `process'
    /usr/local/lib/ruby/gems/1.8/gems/mongrel-1.1.5/lib/mongrel.rb:159:in `process_client'
    /usr/local/lib/ruby/gems/1.8/gems/mongrel-1.1.5/lib/mongrel.rb:158:in `each'
    /usr/local/lib/ruby/gems/1.8/gems/mongrel-1.1.5/lib/mongrel.rb:158:in `process_client'
    /usr/local/lib/ruby/gems/1.8/gems/mongrel-1.1.5/lib/mongrel.rb:285:in `run'
    /usr/local/lib/ruby/gems/1.8/gems/mongrel-1.1.5/lib/mongrel.rb:285:in `initialize'
    /usr/local/lib/ruby/gems/1.8/gems/mongrel-1.1.5/lib/mongrel.rb:285:in `new'
    /usr/local/lib/ruby/gems/1.8/gems/mongrel-1.1.5/lib/mongrel.rb:285:in `run'
    /usr/local/lib/ruby/gems/1.8/gems/mongrel-1.1.5/lib/mongrel.rb:268:in `initialize'
    /usr/local/lib/ruby/gems/1.8/gems/mongrel-1.1.5/lib/mongrel.rb:268:in `new'
    /usr/local/lib/ruby/gems/1.8/gems/mongrel-1.1.5/lib/mongrel.rb:268:in `run'
    /usr/local/lib/ruby/gems/1.8/gems/mongrel-1.1.5/lib/mongrel/configurator.rb:282:in `run'
    /usr/local/lib/ruby/gems/1.8/gems/mongrel-1.1.5/lib/mongrel/configurator.rb:281:in `each'
    /usr/local/lib/ruby/gems/1.8/gems/mongrel-1.1.5/lib/mongrel/configurator.rb:281:in `run'
    /usr/local/lib/ruby/gems/1.8/gems/mongrel-1.1.5/bin/mongrel_rails:128:in `run'
    /usr/local/lib/ruby/gems/1.8/gems/mongrel-1.1.5/lib/mongrel/command.rb:212:in `run'
    /usr/local/lib/ruby/gems/1.8/gems/mongrel-1.1.5/bin/mongrel_rails:281
    /usr/local/lib/ruby/gems/1.8/gems/activesupport-2.1.2/lib/active_support/dependencies.rb:503:in `load'
    /usr/local/lib/ruby/gems/1.8/gems/activesupport-2.1.2/lib/active_support/dependencies.rb:503:in `load'
    /usr/local/lib/ruby/gems/1.8/gems/activesupport-2.1.2/lib/active_support/dependencies.rb:355:in `new_constants_in'
    /usr/local/lib/ruby/gems/1.8/gems/activesupport-2.1.2/lib/active_support/dependencies.rb:503:in `load'
    /usr/local/lib/ruby/gems/1.8/gems/rails-2.1.2/lib/commands/servers/mongrel.rb:64
    /usr/local/lib/ruby/site_ruby/1.8/rubygems/custom_require.rb:27:in `gem_original_require'
    /usr/local/lib/ruby/site_ruby/1.8/rubygems/custom_require.rb:27:in `require'
    /usr/local/lib/ruby/gems/1.8/gems/activesupport-2.1.2/lib/active_support/dependencies.rb:510:in `require'
    /usr/local/lib/ruby/gems/1.8/gems/activesupport-2.1.2/lib/active_support/dependencies.rb:355:in `new_constants_in'
    /usr/local/lib/ruby/gems/1.8/gems/activesupport-2.1.2/lib/active_support/dependencies.rb:510:in `require'
    /usr/local/lib/ruby/gems/1.8/gems/rails-2.1.2/lib/commands/server.rb:39
    /usr/local/lib/ruby/site_ruby/1.8/rubygems/custom_require.rb:27:in `gem_original_require'
    /usr/local/lib/ruby/site_ruby/1.8/rubygems/custom_require.rb:27:in `require'
    script/server:3

Rendering /usr/local/lib/ruby/gems/1.8/gems/actionpack-2.1.2/lib/action_controller/templates/rescues/layout.erb (internal_server_error)


Processing Admin::ConfigurationsController#index (for 127.0.0.1 at 2009-01-01 14:45:37) [GET]
  Session ID: BAh7BiIKZmxhc2hJQzonQWN0aW9uQ29udHJvbGxlcjo6Rmxhc2g6OkZsYXNo
SGFzaHsABjoKQHVzZWR7AA==--e33eec26ec6adce39e95a97e2653133e72739d74
  Parameters: {"oauth_nonce"=>"G3WVHs", "action"=>"index", "oauth_signature_method"=>"HMAC-SHA1", "controller"=>"admin/configurations", "oauth_timestamp"=>"1230849937", "oauth_signature"=>"XLfIffr/UjJwQ126LZWkTZu7sJw="}


ActiveRecord::StatementInvalid (Mysql::Error: #42S02Table 'attic_antiques_production.taxonomies' doesn't exist: SELECT * FROM `taxonomies`     ):
    /usr/local/lib/ruby/gems/1.8/gems/activerecord-2.1.2/lib/active_record/connection_adapters/abstract_adapter.rb:147:in `log'
    /usr/local/lib/ruby/gems/1.8/gems/activerecord-2.1.2/lib/active_record/connection_adapters/mysql_adapter.rb:302:in `execute'
    /usr/local/lib/ruby/gems/1.8/gems/activerecord-2.1.2/lib/active_record/connection_adapters/mysql_adapter.rb:537:in `select'
    /usr/local/lib/ruby/gems/1.8/gems/activerecord-2.1.2/lib/active_record/connection_adapters/abstract/database_statements.rb:7:in `select_all_without_query_cache'
    /usr/local/lib/ruby/gems/1.8/gems/activerecord-2.1.2/lib/active_record/connection_adapters/abstract/query_cache.rb:59:in `select_all'
    /usr/local/lib/ruby/gems/1.8/gems/activerecord-2.1.2/lib/active_record/connection_adapters/abstract/query_cache.rb:80:in `cache_sql'
    /usr/local/lib/ruby/gems/1.8/gems/activerecord-2.1.2/lib/active_record/connection_adapters/abstract/query_cache.rb:59:in `select_all'
    /usr/local/lib/ruby/gems/1.8/gems/activerecord-2.1.2/lib/active_record/base.rb:586:in `find_by_sql'
    /usr/local/lib/ruby/gems/1.8/gems/activerecord-2.1.2/lib/active_record/base.rb:1345:in `find_every'
    /usr/local/lib/ruby/gems/1.8/gems/activerecord-2.1.2/lib/active_record/base.rb:540:in `find_without_pagination'
    /usr/local/lib/ruby/gems/1.8/gems/spree-0.5.99/lib/plugins/paginating_find/lib/paginating_find.rb:103:in `find'
    /usr/local/lib/ruby/gems/1.8/gems/spree-0.5.99/app/controllers/application.rb:26:in `instantiate_controller_and_action_names'
    /usr/local/lib/ruby/gems/1.8/gems/activesupport-2.1.2/lib/active_support/callbacks.rb:173:in `send'
    /usr/local/lib/ruby/gems/1.8/gems/activesupport-2.1.2/lib/active_support/callbacks.rb:173:in `evaluate_method'
    /usr/local/lib/ruby/gems/1.8/gems/activesupport-2.1.2/lib/active_support/callbacks.rb:161:in `call'
    /usr/local/lib/ruby/gems/1.8/gems/actionpack-2.1.2/lib/action_controller/filters.rb:191:in `call'
    /usr/local/lib/ruby/gems/1.8/gems/actionpack-2.1.2/lib/action_controller/filters.rb:591:in `run_before_filters'
    /usr/local/lib/ruby/gems/1.8/gems/actionpack-2.1.2/lib/action_controller/filters.rb:577:in `call_filters'
    /usr/local/lib/ruby/gems/1.8/gems/actionpack-2.1.2/lib/action_controller/filters.rb:572:in `perform_action_without_benchmark'
    /usr/local/lib/ruby/gems/1.8/gems/actionpack-2.1.2/lib/action_controller/benchmarking.rb:68:in `perform_action_without_rescue'
    /usr/local/lib/ruby/1.8/benchmark.rb:293:in `measure'
    /usr/local/lib/ruby/gems/1.8/gems/actionpack-2.1.2/lib/action_controller/benchmarking.rb:68:in `perform_action_without_rescue'
    /usr/local/lib/ruby/gems/1.8/gems/actionpack-2.1.2/lib/action_controller/rescue.rb:201:in `perform_action_without_caching'
    /usr/local/lib/ruby/gems/1.8/gems/actionpack-2.1.2/lib/action_controller/caching/sql_cache.rb:13:in `perform_action'
    /usr/local/lib/ruby/gems/1.8/gems/activerecord-2.1.2/lib/active_record/connection_adapters/abstract/query_cache.rb:33:in `cache'
    /usr/local/lib/ruby/gems/1.8/gems/activerecord-2.1.2/lib/active_record/query_cache.rb:8:in `cache'
    /usr/local/lib/ruby/gems/1.8/gems/actionpack-2.1.2/lib/action_controller/caching/sql_cache.rb:12:in `perform_action'
    /usr/local/lib/ruby/gems/1.8/gems/actionpack-2.1.2/lib/action_controller/base.rb:529:in `send'
    /usr/local/lib/ruby/gems/1.8/gems/actionpack-2.1.2/lib/action_controller/base.rb:529:in `process_without_filters'
    /usr/local/lib/ruby/gems/1.8/gems/actionpack-2.1.2/lib/action_controller/filters.rb:568:in `process_without_session_management_support'
    /usr/local/lib/ruby/gems/1.8/gems/actionpack-2.1.2/lib/action_controller/session_management.rb:130:in `process'
    /usr/local/lib/ruby/gems/1.8/gems/actionpack-2.1.2/lib/action_controller/base.rb:389:in `process'
    /usr/local/lib/ruby/gems/1.8/gems/actionpack-2.1.2/lib/action_controller/dispatcher.rb:149:in `handle_request'
    /usr/local/lib/ruby/gems/1.8/gems/actionpack-2.1.2/lib/action_controller/dispatcher.rb:107:in `dispatch'
    /usr/local/lib/ruby/gems/1.8/gems/actionpack-2.1.2/lib/action_controller/dispatcher.rb:104:in `synchronize'
    /usr/local/lib/ruby/gems/1.8/gems/actionpack-2.1.2/lib/action_controller/dispatcher.rb:104:in `dispatch'
    /usr/local/lib/ruby/gems/1.8/gems/actionpack-2.1.2/lib/action_controller/dispatcher.rb:120:in `dispatch_cgi'
    /usr/local/lib/ruby/gems/1.8/gems/actionpack-2.1.2/lib/action_controller/dispatcher.rb:35:in `dispatch'
    /usr/local/lib/ruby/gems/1.8/gems/mongrel-1.1.5/bin/../lib/mongrel/rails.rb:76:in `process'
    /usr/local/lib/ruby/gems/1.8/gems/mongrel-1.1.5/bin/../lib/mongrel/rails.rb:74:in `synchronize'
    /usr/local/lib/ruby/gems/1.8/gems/mongrel-1.1.5/bin/../lib/mongrel/rails.rb:74:in `process'
    /usr/local/lib/ruby/gems/1.8/gems/mongrel-1.1.5/lib/mongrel.rb:159:in `process_client'
    /usr/local/lib/ruby/gems/1.8/gems/mongrel-1.1.5/lib/mongrel.rb:158:in `each'
    /usr/local/lib/ruby/gems/1.8/gems/mongrel-1.1.5/lib/mongrel.rb:158:in `process_client'
    /usr/local/lib/ruby/gems/1.8/gems/mongrel-1.1.5/lib/mongrel.rb:285:in `run'
    /usr/local/lib/ruby/gems/1.8/gems/mongrel-1.1.5/lib/mongrel.rb:285:in `initialize'
    /usr/local/lib/ruby/gems/1.8/gems/mongrel-1.1.5/lib/mongrel.rb:285:in `new'
    /usr/local/lib/ruby/gems/1.8/gems/mongrel-1.1.5/lib/mongrel.rb:285:in `run'
    /usr/local/lib/ruby/gems/1.8/gems/mongrel-1.1.5/lib/mongrel.rb:268:in `initialize'
    /usr/local/lib/ruby/gems/1.8/gems/mongrel-1.1.5/lib/mongrel.rb:268:in `new'
    /usr/local/lib/ruby/gems/1.8/gems/mongrel-1.1.5/lib/mongrel.rb:268:in `run'
    /usr/local/lib/ruby/gems/1.8/gems/mongrel-1.1.5/lib/mongrel/configurator.rb:282:in `run'
    /usr/local/lib/ruby/gems/1.8/gems/mongrel-1.1.5/lib/mongrel/configurator.rb:281:in `each'
    /usr/local/lib/ruby/gems/1.8/gems/mongrel-1.1.5/lib/mongrel/configurator.rb:281:in `run'
    /usr/local/lib/ruby/gems/1.8/gems/mongrel-1.1.5/bin/mongrel_rails:128:in `run'
    /usr/local/lib/ruby/gems/1.8/gems/mongrel-1.1.5/lib/mongrel/command.rb:212:in `run'
    /usr/local/lib/ruby/gems/1.8/gems/mongrel-1.1.5/bin/mongrel_rails:281
    /usr/local/lib/ruby/gems/1.8/gems/activesupport-2.1.2/lib/active_support/dependencies.rb:503:in `load'
    /usr/local/lib/ruby/gems/1.8/gems/activesupport-2.1.2/lib/active_support/dependencies.rb:503:in `load'
    /usr/local/lib/ruby/gems/1.8/gems/activesupport-2.1.2/lib/active_support/dependencies.rb:355:in `new_constants_in'
    /usr/local/lib/ruby/gems/1.8/gems/activesupport-2.1.2/lib/active_support/dependencies.rb:503:in `load'
    /usr/local/lib/ruby/gems/1.8/gems/rails-2.1.2/lib/commands/servers/mongrel.rb:64
    /usr/local/lib/ruby/site_ruby/1.8/rubygems/custom_require.rb:27:in `gem_original_require'
    /usr/local/lib/ruby/site_ruby/1.8/rubygems/custom_require.rb:27:in `require'
    /usr/local/lib/ruby/gems/1.8/gems/activesupport-2.1.2/lib/active_support/dependencies.rb:510:in `require'
    /usr/local/lib/ruby/gems/1.8/gems/activesupport-2.1.2/lib/active_support/dependencies.rb:355:in `new_constants_in'
    /usr/local/lib/ruby/gems/1.8/gems/activesupport-2.1.2/lib/active_support/dependencies.rb:510:in `require'
    /usr/local/lib/ruby/gems/1.8/gems/rails-2.1.2/lib/commands/server.rb:39
    /usr/local/lib/ruby/site_ruby/1.8/rubygems/custom_require.rb:27:in `gem_original_require'
    /usr/local/lib/ruby/site_ruby/1.8/rubygems/custom_require.rb:27:in `require'
    script/server:3

Rendering /usr/local/lib/ruby/gems/1.8/gems/actionpack-2.1.2/lib/action_controller/templates/rescues/layout.erb (internal_server_error)


Processing Admin::ConfigurationsController#index (for 127.0.0.1 at 2009-01-01 14:45:38) [GET]
  Session ID: BAh7BiIKZmxhc2hJQzonQWN0aW9uQ29udHJvbGxlcjo6Rmxhc2g6OkZsYXNo
SGFzaHsABjoKQHVzZWR7AA==--e33eec26ec6adce39e95a97e2653133e72739d74
  Parameters: {"oauth_nonce"=>"ip9AKW", "action"=>"index", "oauth_signature_method"=>"HMAC-SHA1", "controller"=>"admin/configurations", "oauth_timestamp"=>"1230849938", "oauth_signature"=>"aCDY5sptDelgJnvD93055TLlRcg="}


ActiveRecord::StatementInvalid (Mysql::Error: #42S02Table 'attic_antiques_production.taxonomies' doesn't exist: SELECT * FROM `taxonomies`     ):
    /usr/local/lib/ruby/gems/1.8/gems/activerecord-2.1.2/lib/active_record/connection_adapters/abstract_adapter.rb:147:in `log'
    /usr/local/lib/ruby/gems/1.8/gems/activerecord-2.1.2/lib/active_record/connection_adapters/mysql_adapter.rb:302:in `execute'
    /usr/local/lib/ruby/gems/1.8/gems/activerecord-2.1.2/lib/active_record/connection_adapters/mysql_adapter.rb:537:in `select'
    /usr/local/lib/ruby/gems/1.8/gems/activerecord-2.1.2/lib/active_record/connection_adapters/abstract/database_statements.rb:7:in `select_all_without_query_cache'
    /usr/local/lib/ruby/gems/1.8/gems/activerecord-2.1.2/lib/active_record/connection_adapters/abstract/query_cache.rb:59:in `select_all'
    /usr/local/lib/ruby/gems/1.8/gems/activerecord-2.1.2/lib/active_record/connection_adapters/abstract/query_cache.rb:80:in `cache_sql'
    /usr/local/lib/ruby/gems/1.8/gems/activerecord-2.1.2/lib/active_record/connection_adapters/abstract/query_cache.rb:59:in `select_all'
    /usr/local/lib/ruby/gems/1.8/gems/activerecord-2.1.2/lib/active_record/base.rb:586:in `find_by_sql'
    /usr/local/lib/ruby/gems/1.8/gems/activerecord-2.1.2/lib/active_record/base.rb:1345:in `find_every'
    /usr/local/lib/ruby/gems/1.8/gems/activerecord-2.1.2/lib/active_record/base.rb:540:in `find_without_pagination'
    /usr/local/lib/ruby/gems/1.8/gems/spree-0.5.99/lib/plugins/paginating_find/lib/paginating_find.rb:103:in `find'
    /usr/local/lib/ruby/gems/1.8/gems/spree-0.5.99/app/controllers/application.rb:26:in `instantiate_controller_and_action_names'
    /usr/local/lib/ruby/gems/1.8/gems/activesupport-2.1.2/lib/active_support/callbacks.rb:173:in `send'
    /usr/local/lib/ruby/gems/1.8/gems/activesupport-2.1.2/lib/active_support/callbacks.rb:173:in `evaluate_method'
    /usr/local/lib/ruby/gems/1.8/gems/activesupport-2.1.2/lib/active_support/callbacks.rb:161:in `call'
    /usr/local/lib/ruby/gems/1.8/gems/actionpack-2.1.2/lib/action_controller/filters.rb:191:in `call'
    /usr/local/lib/ruby/gems/1.8/gems/actionpack-2.1.2/lib/action_controller/filters.rb:591:in `run_before_filters'
    /usr/local/lib/ruby/gems/1.8/gems/actionpack-2.1.2/lib/action_controller/filters.rb:577:in `call_filters'
    /usr/local/lib/ruby/gems/1.8/gems/actionpack-2.1.2/lib/action_controller/filters.rb:572:in `perform_action_without_benchmark'
    /usr/local/lib/ruby/gems/1.8/gems/actionpack-2.1.2/lib/action_controller/benchmarking.rb:68:in `perform_action_without_rescue'
    /usr/local/lib/ruby/1.8/benchmark.rb:293:in `measure'
    /usr/local/lib/ruby/gems/1.8/gems/actionpack-2.1.2/lib/action_controller/benchmarking.rb:68:in `perform_action_without_rescue'
    /usr/local/lib/ruby/gems/1.8/gems/actionpack-2.1.2/lib/action_controller/rescue.rb:201:in `perform_action_without_caching'
    /usr/local/lib/ruby/gems/1.8/gems/actionpack-2.1.2/lib/action_controller/caching/sql_cache.rb:13:in `perform_action'
    /usr/local/lib/ruby/gems/1.8/gems/activerecord-2.1.2/lib/active_record/connection_adapters/abstract/query_cache.rb:33:in `cache'
    /usr/local/lib/ruby/gems/1.8/gems/activerecord-2.1.2/lib/active_record/query_cache.rb:8:in `cache'
    /usr/local/lib/ruby/gems/1.8/gems/actionpack-2.1.2/lib/action_controller/caching/sql_cache.rb:12:in `perform_action'
    /usr/local/lib/ruby/gems/1.8/gems/actionpack-2.1.2/lib/action_controller/base.rb:529:in `send'
    /usr/local/lib/ruby/gems/1.8/gems/actionpack-2.1.2/lib/action_controller/base.rb:529:in `process_without_filters'
    /usr/local/lib/ruby/gems/1.8/gems/actionpack-2.1.2/lib/action_controller/filters.rb:568:in `process_without_session_management_support'
    /usr/local/lib/ruby/gems/1.8/gems/actionpack-2.1.2/lib/action_controller/session_management.rb:130:in `process'
    /usr/local/lib/ruby/gems/1.8/gems/actionpack-2.1.2/lib/action_controller/base.rb:389:in `process'
    /usr/local/lib/ruby/gems/1.8/gems/actionpack-2.1.2/lib/action_controller/dispatcher.rb:149:in `handle_request'
    /usr/local/lib/ruby/gems/1.8/gems/actionpack-2.1.2/lib/action_controller/dispatcher.rb:107:in `dispatch'
    /usr/local/lib/ruby/gems/1.8/gems/actionpack-2.1.2/lib/action_controller/dispatcher.rb:104:in `synchronize'
    /usr/local/lib/ruby/gems/1.8/gems/actionpack-2.1.2/lib/action_controller/dispatcher.rb:104:in `dispatch'
    /usr/local/lib/ruby/gems/1.8/gems/actionpack-2.1.2/lib/action_controller/dispatcher.rb:120:in `dispatch_cgi'
    /usr/local/lib/ruby/gems/1.8/gems/actionpack-2.1.2/lib/action_controller/dispatcher.rb:35:in `dispatch'
    /usr/local/lib/ruby/gems/1.8/gems/mongrel-1.1.5/bin/../lib/mongrel/rails.rb:76:in `process'
    /usr/local/lib/ruby/gems/1.8/gems/mongrel-1.1.5/bin/../lib/mongrel/rails.rb:74:in `synchronize'
    /usr/local/lib/ruby/gems/1.8/gems/mongrel-1.1.5/bin/../lib/mongrel/rails.rb:74:in `process'
    /usr/local/lib/ruby/gems/1.8/gems/mongrel-1.1.5/lib/mongrel.rb:159:in `process_client'
    /usr/local/lib/ruby/gems/1.8/gems/mongrel-1.1.5/lib/mongrel.rb:158:in `each'
    /usr/local/lib/ruby/gems/1.8/gems/mongrel-1.1.5/lib/mongrel.rb:158:in `process_client'
    /usr/local/lib/ruby/gems/1.8/gems/mongrel-1.1.5/lib/mongrel.rb:285:in `run'
    /usr/local/lib/ruby/gems/1.8/gems/mongrel-1.1.5/lib/mongrel.rb:285:in `initialize'
    /usr/local/lib/ruby/gems/1.8/gems/mongrel-1.1.5/lib/mongrel.rb:285:in `new'
    /usr/local/lib/ruby/gems/1.8/gems/mongrel-1.1.5/lib/mongrel.rb:285:in `run'
    /usr/local/lib/ruby/gems/1.8/gems/mongrel-1.1.5/lib/mongrel.rb:268:in `initialize'
    /usr/local/lib/ruby/gems/1.8/gems/mongrel-1.1.5/lib/mongrel.rb:268:in `new'
    /usr/local/lib/ruby/gems/1.8/gems/mongrel-1.1.5/lib/mongrel.rb:268:in `run'
    /usr/local/lib/ruby/gems/1.8/gems/mongrel-1.1.5/lib/mongrel/configurator.rb:282:in `run'
    /usr/local/lib/ruby/gems/1.8/gems/mongrel-1.1.5/lib/mongrel/configurator.rb:281:in `each'
    /usr/local/lib/ruby/gems/1.8/gems/mongrel-1.1.5/lib/mongrel/configurator.rb:281:in `run'
    /usr/local/lib/ruby/gems/1.8/gems/mongrel-1.1.5/bin/mongrel_rails:128:in `run'
    /usr/local/lib/ruby/gems/1.8/gems/mongrel-1.1.5/lib/mongrel/command.rb:212:in `run'
    /usr/local/lib/ruby/gems/1.8/gems/mongrel-1.1.5/bin/mongrel_rails:281
    /usr/local/lib/ruby/gems/1.8/gems/activesupport-2.1.2/lib/active_support/dependencies.rb:503:in `load'
    /usr/local/lib/ruby/gems/1.8/gems/activesupport-2.1.2/lib/active_support/dependencies.rb:503:in `load'
    /usr/local/lib/ruby/gems/1.8/gems/activesupport-2.1.2/lib/active_support/dependencies.rb:355:in `new_constants_in'
    /usr/local/lib/ruby/gems/1.8/gems/activesupport-2.1.2/lib/active_support/dependencies.rb:503:in `load'
    /usr/local/lib/ruby/gems/1.8/gems/rails-2.1.2/lib/commands/servers/mongrel.rb:64
    /usr/local/lib/ruby/site_ruby/1.8/rubygems/custom_require.rb:27:in `gem_original_require'
    /usr/local/lib/ruby/site_ruby/1.8/rubygems/custom_require.rb:27:in `require'
    /usr/local/lib/ruby/gems/1.8/gems/activesupport-2.1.2/lib/active_support/dependencies.rb:510:in `require'
    /usr/local/lib/ruby/gems/1.8/gems/activesupport-2.1.2/lib/active_support/dependencies.rb:355:in `new_constants_in'
    /usr/local/lib/ruby/gems/1.8/gems/activesupport-2.1.2/lib/active_support/dependencies.rb:510:in `require'
    /usr/local/lib/ruby/gems/1.8/gems/rails-2.1.2/lib/commands/server.rb:39
    /usr/local/lib/ruby/site_ruby/1.8/rubygems/custom_require.rb:27:in `gem_original_require'
    /usr/local/lib/ruby/site_ruby/1.8/rubygems/custom_require.rb:27:in `require'
    script/server:3

Rendering /usr/local/lib/ruby/gems/1.8/gems/actionpack-2.1.2/lib/action_controller/templates/rescues/layout.erb (internal_server_error)


Processing Admin::ConfigurationsController#index (for 127.0.0.1 at 2009-01-01 14:45:39) [GET]
  Session ID: BAh7BiIKZmxhc2hJQzonQWN0aW9uQ29udHJvbGxlcjo6Rmxhc2g6OkZsYXNo
SGFzaHsABjoKQHVzZWR7AA==--e33eec26ec6adce39e95a97e2653133e72739d74
  Parameters: {"oauth_nonce"=>"QJMOi4", "action"=>"index", "oauth_signature_method"=>"HMAC-SHA1", "controller"=>"admin/configurations", "oauth_timestamp"=>"1230849939", "oauth_signature"=>"zRV0DueWI3MpVntIy+xOA/POciM="}


ActiveRecord::StatementInvalid (Mysql::Error: #42S02Table 'attic_antiques_production.taxonomies' doesn't exist: SELECT * FROM `taxonomies`     ):
    /usr/local/lib/ruby/gems/1.8/gems/activerecord-2.1.2/lib/active_record/connection_adapters/abstract_adapter.rb:147:in `log'
    /usr/local/lib/ruby/gems/1.8/gems/activerecord-2.1.2/lib/active_record/connection_adapters/mysql_adapter.rb:302:in `execute'
    /usr/local/lib/ruby/gems/1.8/gems/activerecord-2.1.2/lib/active_record/connection_adapters/mysql_adapter.rb:537:in `select'
    /usr/local/lib/ruby/gems/1.8/gems/activerecord-2.1.2/lib/active_record/connection_adapters/abstract/database_statements.rb:7:in `select_all_without_query_cache'
    /usr/local/lib/ruby/gems/1.8/gems/activerecord-2.1.2/lib/active_record/connection_adapters/abstract/query_cache.rb:59:in `select_all'
    /usr/local/lib/ruby/gems/1.8/gems/activerecord-2.1.2/lib/active_record/connection_adapters/abstract/query_cache.rb:80:in `cache_sql'
    /usr/local/lib/ruby/gems/1.8/gems/activerecord-2.1.2/lib/active_record/connection_adapters/abstract/query_cache.rb:59:in `select_all'
    /usr/local/lib/ruby/gems/1.8/gems/activerecord-2.1.2/lib/active_record/base.rb:586:in `find_by_sql'
    /usr/local/lib/ruby/gems/1.8/gems/activerecord-2.1.2/lib/active_record/base.rb:1345:in `find_every'
    /usr/local/lib/ruby/gems/1.8/gems/activerecord-2.1.2/lib/active_record/base.rb:540:in `find_without_pagination'
    /usr/local/lib/ruby/gems/1.8/gems/spree-0.5.99/lib/plugins/paginating_find/lib/paginating_find.rb:103:in `find'
    /usr/local/lib/ruby/gems/1.8/gems/spree-0.5.99/app/controllers/application.rb:26:in `instantiate_controller_and_action_names'
    /usr/local/lib/ruby/gems/1.8/gems/activesupport-2.1.2/lib/active_support/callbacks.rb:173:in `send'
    /usr/local/lib/ruby/gems/1.8/gems/activesupport-2.1.2/lib/active_support/callbacks.rb:173:in `evaluate_method'
    /usr/local/lib/ruby/gems/1.8/gems/activesupport-2.1.2/lib/active_support/callbacks.rb:161:in `call'
    /usr/local/lib/ruby/gems/1.8/gems/actionpack-2.1.2/lib/action_controller/filters.rb:191:in `call'
    /usr/local/lib/ruby/gems/1.8/gems/actionpack-2.1.2/lib/action_controller/filters.rb:591:in `run_before_filters'
    /usr/local/lib/ruby/gems/1.8/gems/actionpack-2.1.2/lib/action_controller/filters.rb:577:in `call_filters'
    /usr/local/lib/ruby/gems/1.8/gems/actionpack-2.1.2/lib/action_controller/filters.rb:572:in `perform_action_without_benchmark'
    /usr/local/lib/ruby/gems/1.8/gems/actionpack-2.1.2/lib/action_controller/benchmarking.rb:68:in `perform_action_without_rescue'
    /usr/local/lib/ruby/1.8/benchmark.rb:293:in `measure'
    /usr/local/lib/ruby/gems/1.8/gems/actionpack-2.1.2/lib/action_controller/benchmarking.rb:68:in `perform_action_without_rescue'
    /usr/local/lib/ruby/gems/1.8/gems/actionpack-2.1.2/lib/action_controller/rescue.rb:201:in `perform_action_without_caching'
    /usr/local/lib/ruby/gems/1.8/gems/actionpack-2.1.2/lib/action_controller/caching/sql_cache.rb:13:in `perform_action'
    /usr/local/lib/ruby/gems/1.8/gems/activerecord-2.1.2/lib/active_record/connection_adapters/abstract/query_cache.rb:33:in `cache'
    /usr/local/lib/ruby/gems/1.8/gems/activerecord-2.1.2/lib/active_record/query_cache.rb:8:in `cache'
    /usr/local/lib/ruby/gems/1.8/gems/actionpack-2.1.2/lib/action_controller/caching/sql_cache.rb:12:in `perform_action'
    /usr/local/lib/ruby/gems/1.8/gems/actionpack-2.1.2/lib/action_controller/base.rb:529:in `send'
    /usr/local/lib/ruby/gems/1.8/gems/actionpack-2.1.2/lib/action_controller/base.rb:529:in `process_without_filters'
    /usr/local/lib/ruby/gems/1.8/gems/actionpack-2.1.2/lib/action_controller/filters.rb:568:in `process_without_session_management_support'
    /usr/local/lib/ruby/gems/1.8/gems/actionpack-2.1.2/lib/action_controller/session_management.rb:130:in `process'
    /usr/local/lib/ruby/gems/1.8/gems/actionpack-2.1.2/lib/action_controller/base.rb:389:in `process'
    /usr/local/lib/ruby/gems/1.8/gems/actionpack-2.1.2/lib/action_controller/dispatcher.rb:149:in `handle_request'
    /usr/local/lib/ruby/gems/1.8/gems/actionpack-2.1.2/lib/action_controller/dispatcher.rb:107:in `dispatch'
    /usr/local/lib/ruby/gems/1.8/gems/actionpack-2.1.2/lib/action_controller/dispatcher.rb:104:in `synchronize'
    /usr/local/lib/ruby/gems/1.8/gems/actionpack-2.1.2/lib/action_controller/dispatcher.rb:104:in `dispatch'
    /usr/local/lib/ruby/gems/1.8/gems/actionpack-2.1.2/lib/action_controller/dispatcher.rb:120:in `dispatch_cgi'
    /usr/local/lib/ruby/gems/1.8/gems/actionpack-2.1.2/lib/action_controller/dispatcher.rb:35:in `dispatch'
    /usr/local/lib/ruby/gems/1.8/gems/mongrel-1.1.5/bin/../lib/mongrel/rails.rb:76:in `process'
    /usr/local/lib/ruby/gems/1.8/gems/mongrel-1.1.5/bin/../lib/mongrel/rails.rb:74:in `synchronize'
    /usr/local/lib/ruby/gems/1.8/gems/mongrel-1.1.5/bin/../lib/mongrel/rails.rb:74:in `process'
    /usr/local/lib/ruby/gems/1.8/gems/mongrel-1.1.5/lib/mongrel.rb:159:in `process_client'
    /usr/local/lib/ruby/gems/1.8/gems/mongrel-1.1.5/lib/mongrel.rb:158:in `each'
    /usr/local/lib/ruby/gems/1.8/gems/mongrel-1.1.5/lib/mongrel.rb:158:in `process_client'
    /usr/local/lib/ruby/gems/1.8/gems/mongrel-1.1.5/lib/mongrel.rb:285:in `run'
    /usr/local/lib/ruby/gems/1.8/gems/mongrel-1.1.5/lib/mongrel.rb:285:in `initialize'
    /usr/local/lib/ruby/gems/1.8/gems/mongrel-1.1.5/lib/mongrel.rb:285:in `new'
    /usr/local/lib/ruby/gems/1.8/gems/mongrel-1.1.5/lib/mongrel.rb:285:in `run'
    /usr/local/lib/ruby/gems/1.8/gems/mongrel-1.1.5/lib/mongrel.rb:268:in `initialize'
    /usr/local/lib/ruby/gems/1.8/gems/mongrel-1.1.5/lib/mongrel.rb:268:in `new'
    /usr/local/lib/ruby/gems/1.8/gems/mongrel-1.1.5/lib/mongrel.rb:268:in `run'
    /usr/local/lib/ruby/gems/1.8/gems/mongrel-1.1.5/lib/mongrel/configurator.rb:282:in `run'
    /usr/local/lib/ruby/gems/1.8/gems/mongrel-1.1.5/lib/mongrel/configurator.rb:281:in `each'
    /usr/local/lib/ruby/gems/1.8/gems/mongrel-1.1.5/lib/mongrel/configurator.rb:281:in `run'
    /usr/local/lib/ruby/gems/1.8/gems/mongrel-1.1.5/bin/mongrel_rails:128:in `run'
    /usr/local/lib/ruby/gems/1.8/gems/mongrel-1.1.5/lib/mongrel/command.rb:212:in `run'
    /usr/local/lib/ruby/gems/1.8/gems/mongrel-1.1.5/bin/mongrel_rails:281
    /usr/local/lib/ruby/gems/1.8/gems/activesupport-2.1.2/lib/active_support/dependencies.rb:503:in `load'
    /usr/local/lib/ruby/gems/1.8/gems/activesupport-2.1.2/lib/active_support/dependencies.rb:503:in `load'
    /usr/local/lib/ruby/gems/1.8/gems/activesupport-2.1.2/lib/active_support/dependencies.rb:355:in `new_constants_in'
    /usr/local/lib/ruby/gems/1.8/gems/activesupport-2.1.2/lib/active_support/dependencies.rb:503:in `load'
    /usr/local/lib/ruby/gems/1.8/gems/rails-2.1.2/lib/commands/servers/mongrel.rb:64
    /usr/local/lib/ruby/site_ruby/1.8/rubygems/custom_require.rb:27:in `gem_original_require'
    /usr/local/lib/ruby/site_ruby/1.8/rubygems/custom_require.rb:27:in `require'
    /usr/local/lib/ruby/gems/1.8/gems/activesupport-2.1.2/lib/active_support/dependencies.rb:510:in `require'
    /usr/local/lib/ruby/gems/1.8/gems/activesupport-2.1.2/lib/active_support/dependencies.rb:355:in `new_constants_in'
    /usr/local/lib/ruby/gems/1.8/gems/activesupport-2.1.2/lib/active_support/dependencies.rb:510:in `require'
    /usr/local/lib/ruby/gems/1.8/gems/rails-2.1.2/lib/commands/server.rb:39
    /usr/local/lib/ruby/site_ruby/1.8/rubygems/custom_require.rb:27:in `gem_original_require'
    /usr/local/lib/ruby/site_ruby/1.8/rubygems/custom_require.rb:27:in `require'
    script/server:3

Rendering /usr/local/lib/ruby/gems/1.8/gems/actionpack-2.1.2/lib/action_controller/templates/rescues/layout.erb (internal_server_error)


Processing Admin::ConfigurationsController#index (for 127.0.0.1 at 2009-01-01 14:45:39) [GET]
  Session ID: BAh7BiIKZmxhc2hJQzonQWN0aW9uQ29udHJvbGxlcjo6Rmxhc2g6OkZsYXNo
SGFzaHsABjoKQHVzZWR7AA==--e33eec26ec6adce39e95a97e2653133e72739d74
  Parameters: {"oauth_nonce"=>"0ITIy2", "action"=>"index", "oauth_signature_method"=>"HMAC-SHA1", "controller"=>"admin/configurations", "oauth_timestamp"=>"1230849939", "oauth_signature"=>"S92xrUv0beYdJ6VowAne4GanBBI="}


ActiveRecord::StatementInvalid (Mysql::Error: #42S02Table 'attic_antiques_production.taxonomies' doesn't exist: SELECT * FROM `taxonomies`     ):
    /usr/local/lib/ruby/gems/1.8/gems/activerecord-2.1.2/lib/active_record/connection_adapters/abstract_adapter.rb:147:in `log'
    /usr/local/lib/ruby/gems/1.8/gems/activerecord-2.1.2/lib/active_record/connection_adapters/mysql_adapter.rb:302:in `execute'
    /usr/local/lib/ruby/gems/1.8/gems/activerecord-2.1.2/lib/active_record/connection_adapters/mysql_adapter.rb:537:in `select'
    /usr/local/lib/ruby/gems/1.8/gems/activerecord-2.1.2/lib/active_record/connection_adapters/abstract/database_statements.rb:7:in `select_all_without_query_cache'
    /usr/local/lib/ruby/gems/1.8/gems/activerecord-2.1.2/lib/active_record/connection_adapters/abstract/query_cache.rb:59:in `select_all'
    /usr/local/lib/ruby/gems/1.8/gems/activerecord-2.1.2/lib/active_record/connection_adapters/abstract/query_cache.rb:80:in `cache_sql'
    /usr/local/lib/ruby/gems/1.8/gems/activerecord-2.1.2/lib/active_record/connection_adapters/abstract/query_cache.rb:59:in `select_all'
    /usr/local/lib/ruby/gems/1.8/gems/activerecord-2.1.2/lib/active_record/base.rb:586:in `find_by_sql'
    /usr/local/lib/ruby/gems/1.8/gems/activerecord-2.1.2/lib/active_record/base.rb:1345:in `find_every'
    /usr/local/lib/ruby/gems/1.8/gems/activerecord-2.1.2/lib/active_record/base.rb:540:in `find_without_pagination'
    /usr/local/lib/ruby/gems/1.8/gems/spree-0.5.99/lib/plugins/paginating_find/lib/paginating_find.rb:103:in `find'
    /usr/local/lib/ruby/gems/1.8/gems/spree-0.5.99/app/controllers/application.rb:26:in `instantiate_controller_and_action_names'
    /usr/local/lib/ruby/gems/1.8/gems/activesupport-2.1.2/lib/active_support/callbacks.rb:173:in `send'
    /usr/local/lib/ruby/gems/1.8/gems/activesupport-2.1.2/lib/active_support/callbacks.rb:173:in `evaluate_method'
    /usr/local/lib/ruby/gems/1.8/gems/activesupport-2.1.2/lib/active_support/callbacks.rb:161:in `call'
    /usr/local/lib/ruby/gems/1.8/gems/actionpack-2.1.2/lib/action_controller/filters.rb:191:in `call'
    /usr/local/lib/ruby/gems/1.8/gems/actionpack-2.1.2/lib/action_controller/filters.rb:591:in `run_before_filters'
    /usr/local/lib/ruby/gems/1.8/gems/actionpack-2.1.2/lib/action_controller/filters.rb:577:in `call_filters'
    /usr/local/lib/ruby/gems/1.8/gems/actionpack-2.1.2/lib/action_controller/filters.rb:572:in `perform_action_without_benchmark'
    /usr/local/lib/ruby/gems/1.8/gems/actionpack-2.1.2/lib/action_controller/benchmarking.rb:68:in `perform_action_without_rescue'
    /usr/local/lib/ruby/1.8/benchmark.rb:293:in `measure'
    /usr/local/lib/ruby/gems/1.8/gems/actionpack-2.1.2/lib/action_controller/benchmarking.rb:68:in `perform_action_without_rescue'
    /usr/local/lib/ruby/gems/1.8/gems/actionpack-2.1.2/lib/action_controller/rescue.rb:201:in `perform_action_without_caching'
    /usr/local/lib/ruby/gems/1.8/gems/actionpack-2.1.2/lib/action_controller/caching/sql_cache.rb:13:in `perform_action'
    /usr/local/lib/ruby/gems/1.8/gems/activerecord-2.1.2/lib/active_record/connection_adapters/abstract/query_cache.rb:33:in `cache'
    /usr/local/lib/ruby/gems/1.8/gems/activerecord-2.1.2/lib/active_record/query_cache.rb:8:in `cache'
    /usr/local/lib/ruby/gems/1.8/gems/actionpack-2.1.2/lib/action_controller/caching/sql_cache.rb:12:in `perform_action'
    /usr/local/lib/ruby/gems/1.8/gems/actionpack-2.1.2/lib/action_controller/base.rb:529:in `send'
    /usr/local/lib/ruby/gems/1.8/gems/actionpack-2.1.2/lib/action_controller/base.rb:529:in `process_without_filters'
    /usr/local/lib/ruby/gems/1.8/gems/actionpack-2.1.2/lib/action_controller/filters.rb:568:in `process_without_session_management_support'
    /usr/local/lib/ruby/gems/1.8/gems/actionpack-2.1.2/lib/action_controller/session_management.rb:130:in `process'
    /usr/local/lib/ruby/gems/1.8/gems/actionpack-2.1.2/lib/action_controller/base.rb:389:in `process'
    /usr/local/lib/ruby/gems/1.8/gems/actionpack-2.1.2/lib/action_controller/dispatcher.rb:149:in `handle_request'
    /usr/local/lib/ruby/gems/1.8/gems/actionpack-2.1.2/lib/action_controller/dispatcher.rb:107:in `dispatch'
    /usr/local/lib/ruby/gems/1.8/gems/actionpack-2.1.2/lib/action_controller/dispatcher.rb:104:in `synchronize'
    /usr/local/lib/ruby/gems/1.8/gems/actionpack-2.1.2/lib/action_controller/dispatcher.rb:104:in `dispatch'
    /usr/local/lib/ruby/gems/1.8/gems/actionpack-2.1.2/lib/action_controller/dispatcher.rb:120:in `dispatch_cgi'
    /usr/local/lib/ruby/gems/1.8/gems/actionpack-2.1.2/lib/action_controller/dispatcher.rb:35:in `dispatch'
    /usr/local/lib/ruby/gems/1.8/gems/mongrel-1.1.5/bin/../lib/mongrel/rails.rb:76:in `process'
    /usr/local/lib/ruby/gems/1.8/gems/mongrel-1.1.5/bin/../lib/mongrel/rails.rb:74:in `synchronize'
    /usr/local/lib/ruby/gems/1.8/gems/mongrel-1.1.5/bin/../lib/mongrel/rails.rb:74:in `process'
    /usr/local/lib/ruby/gems/1.8/gems/mongrel-1.1.5/lib/mongrel.rb:159:in `process_client'
    /usr/local/lib/ruby/gems/1.8/gems/mongrel-1.1.5/lib/mongrel.rb:158:in `each'
    /usr/local/lib/ruby/gems/1.8/gems/mongrel-1.1.5/lib/mongrel.rb:158:in `process_client'
    /usr/local/lib/ruby/gems/1.8/gems/mongrel-1.1.5/lib/mongrel.rb:285:in `run'
    /usr/local/lib/ruby/gems/1.8/gems/mongrel-1.1.5/lib/mongrel.rb:285:in `initialize'
    /usr/local/lib/ruby/gems/1.8/gems/mongrel-1.1.5/lib/mongrel.rb:285:in `new'
    /usr/local/lib/ruby/gems/1.8/gems/mongrel-1.1.5/lib/mongrel.rb:285:in `run'
    /usr/local/lib/ruby/gems/1.8/gems/mongrel-1.1.5/lib/mongrel.rb:268:in `initialize'
    /usr/local/lib/ruby/gems/1.8/gems/mongrel-1.1.5/lib/mongrel.rb:268:in `new'
    /usr/local/lib/ruby/gems/1.8/gems/mongrel-1.1.5/lib/mongrel.rb:268:in `run'
    /usr/local/lib/ruby/gems/1.8/gems/mongrel-1.1.5/lib/mongrel/configurator.rb:282:in `run'
    /usr/local/lib/ruby/gems/1.8/gems/mongrel-1.1.5/lib/mongrel/configurator.rb:281:in `each'
    /usr/local/lib/ruby/gems/1.8/gems/mongrel-1.1.5/lib/mongrel/configurator.rb:281:in `run'
    /usr/local/lib/ruby/gems/1.8/gems/mongrel-1.1.5/bin/mongrel_rails:128:in `run'
    /usr/local/lib/ruby/gems/1.8/gems/mongrel-1.1.5/lib/mongrel/command.rb:212:in `run'
    /usr/local/lib/ruby/gems/1.8/gems/mongrel-1.1.5/bin/mongrel_rails:281
    /usr/local/lib/ruby/gems/1.8/gems/activesupport-2.1.2/lib/active_support/dependencies.rb:503:in `load'
    /usr/local/lib/ruby/gems/1.8/gems/activesupport-2.1.2/lib/active_support/dependencies.rb:503:in `load'
    /usr/local/lib/ruby/gems/1.8/gems/activesupport-2.1.2/lib/active_support/dependencies.rb:355:in `new_constants_in'
    /usr/local/lib/ruby/gems/1.8/gems/activesupport-2.1.2/lib/active_support/dependencies.rb:503:in `load'
    /usr/local/lib/ruby/gems/1.8/gems/rails-2.1.2/lib/commands/servers/mongrel.rb:64
    /usr/local/lib/ruby/site_ruby/1.8/rubygems/custom_require.rb:27:in `gem_original_require'
    /usr/local/lib/ruby/site_ruby/1.8/rubygems/custom_require.rb:27:in `require'
    /usr/local/lib/ruby/gems/1.8/gems/activesupport-2.1.2/lib/active_support/dependencies.rb:510:in `require'
    /usr/local/lib/ruby/gems/1.8/gems/activesupport-2.1.2/lib/active_support/dependencies.rb:355:in `new_constants_in'
    /usr/local/lib/ruby/gems/1.8/gems/activesupport-2.1.2/lib/active_support/dependencies.rb:510:in `require'
    /usr/local/lib/ruby/gems/1.8/gems/rails-2.1.2/lib/commands/server.rb:39
    /usr/local/lib/ruby/site_ruby/1.8/rubygems/custom_require.rb:27:in `gem_original_require'
    /usr/local/lib/ruby/site_ruby/1.8/rubygems/custom_require.rb:27:in `require'
    script/server:3

Rendering /usr/local/lib/ruby/gems/1.8/gems/actionpack-2.1.2/lib/action_controller/templates/rescues/layout.erb (internal_server_error)


Processing Admin::ConfigurationsController#index (for 127.0.0.1 at 2009-01-01 14:45:43) [GET]
  Session ID: BAh7BiIKZmxhc2hJQzonQWN0aW9uQ29udHJvbGxlcjo6Rmxhc2g6OkZsYXNo
SGFzaHsABjoKQHVzZWR7AA==--e33eec26ec6adce39e95a97e2653133e72739d74
  Parameters: {"oauth_nonce"=>"a3in5C", "action"=>"index", "oauth_signature_method"=>"HMAC-SHA1", "controller"=>"admin/configurations", "oauth_timestamp"=>"1230849943", "oauth_signature"=>"LO3x6ltQQTyBahcL6Qi/0PUfRWs="}


ActiveRecord::StatementInvalid (Mysql::Error: #42S02Table 'attic_antiques_production.taxonomies' doesn't exist: SELECT * FROM `taxonomies`     ):
    /usr/local/lib/ruby/gems/1.8/gems/activerecord-2.1.2/lib/active_record/connection_adapters/abstract_adapter.rb:147:in `log'
    /usr/local/lib/ruby/gems/1.8/gems/activerecord-2.1.2/lib/active_record/connection_adapters/mysql_adapter.rb:302:in `execute'
    /usr/local/lib/ruby/gems/1.8/gems/activerecord-2.1.2/lib/active_record/connection_adapters/mysql_adapter.rb:537:in `select'
    /usr/local/lib/ruby/gems/1.8/gems/activerecord-2.1.2/lib/active_record/connection_adapters/abstract/database_statements.rb:7:in `select_all_without_query_cache'
    /usr/local/lib/ruby/gems/1.8/gems/activerecord-2.1.2/lib/active_record/connection_adapters/abstract/query_cache.rb:59:in `select_all'
    /usr/local/lib/ruby/gems/1.8/gems/activerecord-2.1.2/lib/active_record/connection_adapters/abstract/query_cache.rb:80:in `cache_sql'
    /usr/local/lib/ruby/gems/1.8/gems/activerecord-2.1.2/lib/active_record/connection_adapters/abstract/query_cache.rb:59:in `select_all'
    /usr/local/lib/ruby/gems/1.8/gems/activerecord-2.1.2/lib/active_record/base.rb:586:in `find_by_sql'
    /usr/local/lib/ruby/gems/1.8/gems/activerecord-2.1.2/lib/active_record/base.rb:1345:in `find_every'
    /usr/local/lib/ruby/gems/1.8/gems/activerecord-2.1.2/lib/active_record/base.rb:540:in `find_without_pagination'
    /usr/local/lib/ruby/gems/1.8/gems/spree-0.5.99/lib/plugins/paginating_find/lib/paginating_find.rb:103:in `find'
    /usr/local/lib/ruby/gems/1.8/gems/spree-0.5.99/app/controllers/application.rb:26:in `instantiate_controller_and_action_names'
    /usr/local/lib/ruby/gems/1.8/gems/activesupport-2.1.2/lib/active_support/callbacks.rb:173:in `send'
    /usr/local/lib/ruby/gems/1.8/gems/activesupport-2.1.2/lib/active_support/callbacks.rb:173:in `evaluate_method'
    /usr/local/lib/ruby/gems/1.8/gems/activesupport-2.1.2/lib/active_support/callbacks.rb:161:in `call'
    /usr/local/lib/ruby/gems/1.8/gems/actionpack-2.1.2/lib/action_controller/filters.rb:191:in `call'
    /usr/local/lib/ruby/gems/1.8/gems/actionpack-2.1.2/lib/action_controller/filters.rb:591:in `run_before_filters'
    /usr/local/lib/ruby/gems/1.8/gems/actionpack-2.1.2/lib/action_controller/filters.rb:577:in `call_filters'
    /usr/local/lib/ruby/gems/1.8/gems/actionpack-2.1.2/lib/action_controller/filters.rb:572:in `perform_action_without_benchmark'
    /usr/local/lib/ruby/gems/1.8/gems/actionpack-2.1.2/lib/action_controller/benchmarking.rb:68:in `perform_action_without_rescue'
    /usr/local/lib/ruby/1.8/benchmark.rb:293:in `measure'
    /usr/local/lib/ruby/gems/1.8/gems/actionpack-2.1.2/lib/action_controller/benchmarking.rb:68:in `perform_action_without_rescue'
    /usr/local/lib/ruby/gems/1.8/gems/actionpack-2.1.2/lib/action_controller/rescue.rb:201:in `perform_action_without_caching'
    /usr/local/lib/ruby/gems/1.8/gems/actionpack-2.1.2/lib/action_controller/caching/sql_cache.rb:13:in `perform_action'
    /usr/local/lib/ruby/gems/1.8/gems/activerecord-2.1.2/lib/active_record/connection_adapters/abstract/query_cache.rb:33:in `cache'
    /usr/local/lib/ruby/gems/1.8/gems/activerecord-2.1.2/lib/active_record/query_cache.rb:8:in `cache'
    /usr/local/lib/ruby/gems/1.8/gems/actionpack-2.1.2/lib/action_controller/caching/sql_cache.rb:12:in `perform_action'
    /usr/local/lib/ruby/gems/1.8/gems/actionpack-2.1.2/lib/action_controller/base.rb:529:in `send'
    /usr/local/lib/ruby/gems/1.8/gems/actionpack-2.1.2/lib/action_controller/base.rb:529:in `process_without_filters'
    /usr/local/lib/ruby/gems/1.8/gems/actionpack-2.1.2/lib/action_controller/filters.rb:568:in `process_without_session_management_support'
    /usr/local/lib/ruby/gems/1.8/gems/actionpack-2.1.2/lib/action_controller/session_management.rb:130:in `process'
    /usr/local/lib/ruby/gems/1.8/gems/actionpack-2.1.2/lib/action_controller/base.rb:389:in `process'
    /usr/local/lib/ruby/gems/1.8/gems/actionpack-2.1.2/lib/action_controller/dispatcher.rb:149:in `handle_request'
    /usr/local/lib/ruby/gems/1.8/gems/actionpack-2.1.2/lib/action_controller/dispatcher.rb:107:in `dispatch'
    /usr/local/lib/ruby/gems/1.8/gems/actionpack-2.1.2/lib/action_controller/dispatcher.rb:104:in `synchronize'
    /usr/local/lib/ruby/gems/1.8/gems/actionpack-2.1.2/lib/action_controller/dispatcher.rb:104:in `dispatch'
    /usr/local/lib/ruby/gems/1.8/gems/actionpack-2.1.2/lib/action_controller/dispatcher.rb:120:in `dispatch_cgi'
    /usr/local/lib/ruby/gems/1.8/gems/actionpack-2.1.2/lib/action_controller/dispatcher.rb:35:in `dispatch'
    /usr/local/lib/ruby/gems/1.8/gems/mongrel-1.1.5/bin/../lib/mongrel/rails.rb:76:in `process'
    /usr/local/lib/ruby/gems/1.8/gems/mongrel-1.1.5/bin/../lib/mongrel/rails.rb:74:in `synchronize'
    /usr/local/lib/ruby/gems/1.8/gems/mongrel-1.1.5/bin/../lib/mongrel/rails.rb:74:in `process'
    /usr/local/lib/ruby/gems/1.8/gems/mongrel-1.1.5/lib/mongrel.rb:159:in `process_client'
    /usr/local/lib/ruby/gems/1.8/gems/mongrel-1.1.5/lib/mongrel.rb:158:in `each'
    /usr/local/lib/ruby/gems/1.8/gems/mongrel-1.1.5/lib/mongrel.rb:158:in `process_client'
    /usr/local/lib/ruby/gems/1.8/gems/mongrel-1.1.5/lib/mongrel.rb:285:in `run'
    /usr/local/lib/ruby/gems/1.8/gems/mongrel-1.1.5/lib/mongrel.rb:285:in `initialize'
    /usr/local/lib/ruby/gems/1.8/gems/mongrel-1.1.5/lib/mongrel.rb:285:in `new'
    /usr/local/lib/ruby/gems/1.8/gems/mongrel-1.1.5/lib/mongrel.rb:285:in `run'
    /usr/local/lib/ruby/gems/1.8/gems/mongrel-1.1.5/lib/mongrel.rb:268:in `initialize'
    /usr/local/lib/ruby/gems/1.8/gems/mongrel-1.1.5/lib/mongrel.rb:268:in `new'
    /usr/local/lib/ruby/gems/1.8/gems/mongrel-1.1.5/lib/mongrel.rb:268:in `run'
    /usr/local/lib/ruby/gems/1.8/gems/mongrel-1.1.5/lib/mongrel/configurator.rb:282:in `run'
    /usr/local/lib/ruby/gems/1.8/gems/mongrel-1.1.5/lib/mongrel/configurator.rb:281:in `each'
    /usr/local/lib/ruby/gems/1.8/gems/mongrel-1.1.5/lib/mongrel/configurator.rb:281:in `run'
    /usr/local/lib/ruby/gems/1.8/gems/mongrel-1.1.5/bin/mongrel_rails:128:in `run'
    /usr/local/lib/ruby/gems/1.8/gems/mongrel-1.1.5/lib/mongrel/command.rb:212:in `run'
    /usr/local/lib/ruby/gems/1.8/gems/mongrel-1.1.5/bin/mongrel_rails:281
    /usr/local/lib/ruby/gems/1.8/gems/activesupport-2.1.2/lib/active_support/dependencies.rb:503:in `load'
    /usr/local/lib/ruby/gems/1.8/gems/activesupport-2.1.2/lib/active_support/dependencies.rb:503:in `load'
    /usr/local/lib/ruby/gems/1.8/gems/activesupport-2.1.2/lib/active_support/dependencies.rb:355:in `new_constants_in'
    /usr/local/lib/ruby/gems/1.8/gems/activesupport-2.1.2/lib/active_support/dependencies.rb:503:in `load'
    /usr/local/lib/ruby/gems/1.8/gems/rails-2.1.2/lib/commands/servers/mongrel.rb:64
    /usr/local/lib/ruby/site_ruby/1.8/rubygems/custom_require.rb:27:in `gem_original_require'
    /usr/local/lib/ruby/site_ruby/1.8/rubygems/custom_require.rb:27:in `require'
    /usr/local/lib/ruby/gems/1.8/gems/activesupport-2.1.2/lib/active_support/dependencies.rb:510:in `require'
    /usr/local/lib/ruby/gems/1.8/gems/activesupport-2.1.2/lib/active_support/dependencies.rb:355:in `new_constants_in'
    /usr/local/lib/ruby/gems/1.8/gems/activesupport-2.1.2/lib/active_support/dependencies.rb:510:in `require'
    /usr/local/lib/ruby/gems/1.8/gems/rails-2.1.2/lib/commands/server.rb:39
    /usr/local/lib/ruby/site_ruby/1.8/rubygems/custom_require.rb:27:in `gem_original_require'
    /usr/local/lib/ruby/site_ruby/1.8/rubygems/custom_require.rb:27:in `require'
    script/server:3

Rendering /usr/local/lib/ruby/gems/1.8/gems/actionpack-2.1.2/lib/action_controller/templates/rescues/layout.erb (internal_server_error)


Processing Admin::ConfigurationsController#index (for 127.0.0.1 at 2009-01-01 14:45:43) [GET]
  Session ID: BAh7BiIKZmxhc2hJQzonQWN0aW9uQ29udHJvbGxlcjo6Rmxhc2g6OkZsYXNo
SGFzaHsABjoKQHVzZWR7AA==--e33eec26ec6adce39e95a97e2653133e72739d74
  Parameters: {"oauth_nonce"=>"gf907r", "action"=>"index", "oauth_signature_method"=>"HMAC-SHA1", "controller"=>"admin/configurations", "oauth_timestamp"=>"1230849943", "oauth_signature"=>"04YZ9gdx1N0wQeg0dGtuOT8FDBs="}


ActiveRecord::StatementInvalid (Mysql::Error: #42S02Table 'attic_antiques_production.taxonomies' doesn't exist: SELECT * FROM `taxonomies`     ):
    /usr/local/lib/ruby/gems/1.8/gems/activerecord-2.1.2/lib/active_record/connection_adapters/abstract_adapter.rb:147:in `log'
    /usr/local/lib/ruby/gems/1.8/gems/activerecord-2.1.2/lib/active_record/connection_adapters/mysql_adapter.rb:302:in `execute'
    /usr/local/lib/ruby/gems/1.8/gems/activerecord-2.1.2/lib/active_record/connection_adapters/mysql_adapter.rb:537:in `select'
    /usr/local/lib/ruby/gems/1.8/gems/activerecord-2.1.2/lib/active_record/connection_adapters/abstract/database_statements.rb:7:in `select_all_without_query_cache'
    /usr/local/lib/ruby/gems/1.8/gems/activerecord-2.1.2/lib/active_record/connection_adapters/abstract/query_cache.rb:59:in `select_all'
    /usr/local/lib/ruby/gems/1.8/gems/activerecord-2.1.2/lib/active_record/connection_adapters/abstract/query_cache.rb:80:in `cache_sql'
    /usr/local/lib/ruby/gems/1.8/gems/activerecord-2.1.2/lib/active_record/connection_adapters/abstract/query_cache.rb:59:in `select_all'
    /usr/local/lib/ruby/gems/1.8/gems/activerecord-2.1.2/lib/active_record/base.rb:586:in `find_by_sql'
    /usr/local/lib/ruby/gems/1.8/gems/activerecord-2.1.2/lib/active_record/base.rb:1345:in `find_every'
    /usr/local/lib/ruby/gems/1.8/gems/activerecord-2.1.2/lib/active_record/base.rb:540:in `find_without_pagination'
    /usr/local/lib/ruby/gems/1.8/gems/spree-0.5.99/lib/plugins/paginating_find/lib/paginating_find.rb:103:in `find'
    /usr/local/lib/ruby/gems/1.8/gems/spree-0.5.99/app/controllers/application.rb:26:in `instantiate_controller_and_action_names'
    /usr/local/lib/ruby/gems/1.8/gems/activesupport-2.1.2/lib/active_support/callbacks.rb:173:in `send'
    /usr/local/lib/ruby/gems/1.8/gems/activesupport-2.1.2/lib/active_support/callbacks.rb:173:in `evaluate_method'
    /usr/local/lib/ruby/gems/1.8/gems/activesupport-2.1.2/lib/active_support/callbacks.rb:161:in `call'
    /usr/local/lib/ruby/gems/1.8/gems/actionpack-2.1.2/lib/action_controller/filters.rb:191:in `call'
    /usr/local/lib/ruby/gems/1.8/gems/actionpack-2.1.2/lib/action_controller/filters.rb:591:in `run_before_filters'
    /usr/local/lib/ruby/gems/1.8/gems/actionpack-2.1.2/lib/action_controller/filters.rb:577:in `call_filters'
    /usr/local/lib/ruby/gems/1.8/gems/actionpack-2.1.2/lib/action_controller/filters.rb:572:in `perform_action_without_benchmark'
    /usr/local/lib/ruby/gems/1.8/gems/actionpack-2.1.2/lib/action_controller/benchmarking.rb:68:in `perform_action_without_rescue'
    /usr/local/lib/ruby/1.8/benchmark.rb:293:in `measure'
    /usr/local/lib/ruby/gems/1.8/gems/actionpack-2.1.2/lib/action_controller/benchmarking.rb:68:in `perform_action_without_rescue'
    /usr/local/lib/ruby/gems/1.8/gems/actionpack-2.1.2/lib/action_controller/rescue.rb:201:in `perform_action_without_caching'
    /usr/local/lib/ruby/gems/1.8/gems/actionpack-2.1.2/lib/action_controller/caching/sql_cache.rb:13:in `perform_action'
    /usr/local/lib/ruby/gems/1.8/gems/activerecord-2.1.2/lib/active_record/connection_adapters/abstract/query_cache.rb:33:in `cache'
    /usr/local/lib/ruby/gems/1.8/gems/activerecord-2.1.2/lib/active_record/query_cache.rb:8:in `cache'
    /usr/local/lib/ruby/gems/1.8/gems/actionpack-2.1.2/lib/action_controller/caching/sql_cache.rb:12:in `perform_action'
    /usr/local/lib/ruby/gems/1.8/gems/actionpack-2.1.2/lib/action_controller/base.rb:529:in `send'
    /usr/local/lib/ruby/gems/1.8/gems/actionpack-2.1.2/lib/action_controller/base.rb:529:in `process_without_filters'
    /usr/local/lib/ruby/gems/1.8/gems/actionpack-2.1.2/lib/action_controller/filters.rb:568:in `process_without_session_management_support'
    /usr/local/lib/ruby/gems/1.8/gems/actionpack-2.1.2/lib/action_controller/session_management.rb:130:in `process'
    /usr/local/lib/ruby/gems/1.8/gems/actionpack-2.1.2/lib/action_controller/base.rb:389:in `process'
    /usr/local/lib/ruby/gems/1.8/gems/actionpack-2.1.2/lib/action_controller/dispatcher.rb:149:in `handle_request'
    /usr/local/lib/ruby/gems/1.8/gems/actionpack-2.1.2/lib/action_controller/dispatcher.rb:107:in `dispatch'
    /usr/local/lib/ruby/gems/1.8/gems/actionpack-2.1.2/lib/action_controller/dispatcher.rb:104:in `synchronize'
    /usr/local/lib/ruby/gems/1.8/gems/actionpack-2.1.2/lib/action_controller/dispatcher.rb:104:in `dispatch'
    /usr/local/lib/ruby/gems/1.8/gems/actionpack-2.1.2/lib/action_controller/dispatcher.rb:120:in `dispatch_cgi'
    /usr/local/lib/ruby/gems/1.8/gems/actionpack-2.1.2/lib/action_controller/dispatcher.rb:35:in `dispatch'
    /usr/local/lib/ruby/gems/1.8/gems/mongrel-1.1.5/bin/../lib/mongrel/rails.rb:76:in `process'
    /usr/local/lib/ruby/gems/1.8/gems/mongrel-1.1.5/bin/../lib/mongrel/rails.rb:74:in `synchronize'
    /usr/local/lib/ruby/gems/1.8/gems/mongrel-1.1.5/bin/../lib/mongrel/rails.rb:74:in `process'
    /usr/local/lib/ruby/gems/1.8/gems/mongrel-1.1.5/lib/mongrel.rb:159:in `process_client'
    /usr/local/lib/ruby/gems/1.8/gems/mongrel-1.1.5/lib/mongrel.rb:158:in `each'
    /usr/local/lib/ruby/gems/1.8/gems/mongrel-1.1.5/lib/mongrel.rb:158:in `process_client'
    /usr/local/lib/ruby/gems/1.8/gems/mongrel-1.1.5/lib/mongrel.rb:285:in `run'
    /usr/local/lib/ruby/gems/1.8/gems/mongrel-1.1.5/lib/mongrel.rb:285:in `initialize'
    /usr/local/lib/ruby/gems/1.8/gems/mongrel-1.1.5/lib/mongrel.rb:285:in `new'
    /usr/local/lib/ruby/gems/1.8/gems/mongrel-1.1.5/lib/mongrel.rb:285:in `run'
    /usr/local/lib/ruby/gems/1.8/gems/mongrel-1.1.5/lib/mongrel.rb:268:in `initialize'
    /usr/local/lib/ruby/gems/1.8/gems/mongrel-1.1.5/lib/mongrel.rb:268:in `new'
    /usr/local/lib/ruby/gems/1.8/gems/mongrel-1.1.5/lib/mongrel.rb:268:in `run'
    /usr/local/lib/ruby/gems/1.8/gems/mongrel-1.1.5/lib/mongrel/configurator.rb:282:in `run'
    /usr/local/lib/ruby/gems/1.8/gems/mongrel-1.1.5/lib/mongrel/configurator.rb:281:in `each'
    /usr/local/lib/ruby/gems/1.8/gems/mongrel-1.1.5/lib/mongrel/configurator.rb:281:in `run'
    /usr/local/lib/ruby/gems/1.8/gems/mongrel-1.1.5/bin/mongrel_rails:128:in `run'
    /usr/local/lib/ruby/gems/1.8/gems/mongrel-1.1.5/lib/mongrel/command.rb:212:in `run'
    /usr/local/lib/ruby/gems/1.8/gems/mongrel-1.1.5/bin/mongrel_rails:281
    /usr/local/lib/ruby/gems/1.8/gems/activesupport-2.1.2/lib/active_support/dependencies.rb:503:in `load'
    /usr/local/lib/ruby/gems/1.8/gems/activesupport-2.1.2/lib/active_support/dependencies.rb:503:in `load'
    /usr/local/lib/ruby/gems/1.8/gems/activesupport-2.1.2/lib/active_support/dependencies.rb:355:in `new_constants_in'
    /usr/local/lib/ruby/gems/1.8/gems/activesupport-2.1.2/lib/active_support/dependencies.rb:503:in `load'
    /usr/local/lib/ruby/gems/1.8/gems/rails-2.1.2/lib/commands/servers/mongrel.rb:64
    /usr/local/lib/ruby/site_ruby/1.8/rubygems/custom_require.rb:27:in `gem_original_require'
    /usr/local/lib/ruby/site_ruby/1.8/rubygems/custom_require.rb:27:in `require'
    /usr/local/lib/ruby/gems/1.8/gems/activesupport-2.1.2/lib/active_support/dependencies.rb:510:in `require'
    /usr/local/lib/ruby/gems/1.8/gems/activesupport-2.1.2/lib/active_support/dependencies.rb:355:in `new_constants_in'
    /usr/local/lib/ruby/gems/1.8/gems/activesupport-2.1.2/lib/active_support/dependencies.rb:510:in `require'
    /usr/local/lib/ruby/gems/1.8/gems/rails-2.1.2/lib/commands/server.rb:39
    /usr/local/lib/ruby/site_ruby/1.8/rubygems/custom_require.rb:27:in `gem_original_require'
    /usr/local/lib/ruby/site_ruby/1.8/rubygems/custom_require.rb:27:in `require'
    script/server:3

Rendering /usr/local/lib/ruby/gems/1.8/gems/actionpack-2.1.2/lib/action_controller/templates/rescues/layout.erb (internal_server_error)


Processing Admin::OverviewController#index (for 127.0.0.1 at 2009-01-01 14:45:50) [GET]
  Session ID: BAh7BiIKZmxhc2hJQzonQWN0aW9uQ29udHJvbGxlcjo6Rmxhc2g6OkZsYXNo
SGFzaHsABjoKQHVzZWR7AA==--e33eec26ec6adce39e95a97e2653133e72739d74
  Parameters: {"oauth_nonce"=>"ZVczAr", "action"=>"index", "oauth_signature_method"=>"HMAC-SHA1", "controller"=>"admin/overview", "oauth_timestamp"=>"1230849950", "oauth_signature"=>"Wv8UlDC+Xa/1EJ5xil02wPAt7Ak="}


ActiveRecord::StatementInvalid (Mysql::Error: #42S02Table 'attic_antiques_production.taxonomies' doesn't exist: SELECT * FROM `taxonomies`     ):
    /usr/local/lib/ruby/gems/1.8/gems/activerecord-2.1.2/lib/active_record/connection_adapters/abstract_adapter.rb:147:in `log'
    /usr/local/lib/ruby/gems/1.8/gems/activerecord-2.1.2/lib/active_record/connection_adapters/mysql_adapter.rb:302:in `execute'
    /usr/local/lib/ruby/gems/1.8/gems/activerecord-2.1.2/lib/active_record/connection_adapters/mysql_adapter.rb:537:in `select'
    /usr/local/lib/ruby/gems/1.8/gems/activerecord-2.1.2/lib/active_record/connection_adapters/abstract/database_statements.rb:7:in `select_all_without_query_cache'
    /usr/local/lib/ruby/gems/1.8/gems/activerecord-2.1.2/lib/active_record/connection_adapters/abstract/query_cache.rb:59:in `select_all'
    /usr/local/lib/ruby/gems/1.8/gems/activerecord-2.1.2/lib/active_record/connection_adapters/abstract/query_cache.rb:80:in `cache_sql'
    /usr/local/lib/ruby/gems/1.8/gems/activerecord-2.1.2/lib/active_record/connection_adapters/abstract/query_cache.rb:59:in `select_all'
    /usr/local/lib/ruby/gems/1.8/gems/activerecord-2.1.2/lib/active_record/base.rb:586:in `find_by_sql'
    /usr/local/lib/ruby/gems/1.8/gems/activerecord-2.1.2/lib/active_record/base.rb:1345:in `find_every'
    /usr/local/lib/ruby/gems/1.8/gems/activerecord-2.1.2/lib/active_record/base.rb:540:in `find_without_pagination'
    /usr/local/lib/ruby/gems/1.8/gems/spree-0.5.99/lib/plugins/paginating_find/lib/paginating_find.rb:103:in `find'
    /usr/local/lib/ruby/gems/1.8/gems/spree-0.5.99/app/controllers/application.rb:26:in `instantiate_controller_and_action_names'
    /usr/local/lib/ruby/gems/1.8/gems/activesupport-2.1.2/lib/active_support/callbacks.rb:173:in `send'
    /usr/local/lib/ruby/gems/1.8/gems/activesupport-2.1.2/lib/active_support/callbacks.rb:173:in `evaluate_method'
    /usr/local/lib/ruby/gems/1.8/gems/activesupport-2.1.2/lib/active_support/callbacks.rb:161:in `call'
    /usr/local/lib/ruby/gems/1.8/gems/actionpack-2.1.2/lib/action_controller/filters.rb:191:in `call'
    /usr/local/lib/ruby/gems/1.8/gems/actionpack-2.1.2/lib/action_controller/filters.rb:591:in `run_before_filters'
    /usr/local/lib/ruby/gems/1.8/gems/actionpack-2.1.2/lib/action_controller/filters.rb:577:in `call_filters'
    /usr/local/lib/ruby/gems/1.8/gems/actionpack-2.1.2/lib/action_controller/filters.rb:572:in `perform_action_without_benchmark'
    /usr/local/lib/ruby/gems/1.8/gems/actionpack-2.1.2/lib/action_controller/benchmarking.rb:68:in `perform_action_without_rescue'
    /usr/local/lib/ruby/1.8/benchmark.rb:293:in `measure'
    /usr/local/lib/ruby/gems/1.8/gems/actionpack-2.1.2/lib/action_controller/benchmarking.rb:68:in `perform_action_without_rescue'
    /usr/local/lib/ruby/gems/1.8/gems/actionpack-2.1.2/lib/action_controller/rescue.rb:201:in `perform_action_without_caching'
    /usr/local/lib/ruby/gems/1.8/gems/actionpack-2.1.2/lib/action_controller/caching/sql_cache.rb:13:in `perform_action'
    /usr/local/lib/ruby/gems/1.8/gems/activerecord-2.1.2/lib/active_record/connection_adapters/abstract/query_cache.rb:33:in `cache'
    /usr/local/lib/ruby/gems/1.8/gems/activerecord-2.1.2/lib/active_record/query_cache.rb:8:in `cache'
    /usr/local/lib/ruby/gems/1.8/gems/actionpack-2.1.2/lib/action_controller/caching/sql_cache.rb:12:in `perform_action'
    /usr/local/lib/ruby/gems/1.8/gems/actionpack-2.1.2/lib/action_controller/base.rb:529:in `send'
    /usr/local/lib/ruby/gems/1.8/gems/actionpack-2.1.2/lib/action_controller/base.rb:529:in `process_without_filters'
    /usr/local/lib/ruby/gems/1.8/gems/actionpack-2.1.2/lib/action_controller/filters.rb:568:in `process_without_session_management_support'
    /usr/local/lib/ruby/gems/1.8/gems/actionpack-2.1.2/lib/action_controller/session_management.rb:130:in `process'
    /usr/local/lib/ruby/gems/1.8/gems/actionpack-2.1.2/lib/action_controller/base.rb:389:in `process'
    /usr/local/lib/ruby/gems/1.8/gems/actionpack-2.1.2/lib/action_controller/dispatcher.rb:149:in `handle_request'
    /usr/local/lib/ruby/gems/1.8/gems/actionpack-2.1.2/lib/action_controller/dispatcher.rb:107:in `dispatch'
    /usr/local/lib/ruby/gems/1.8/gems/actionpack-2.1.2/lib/action_controller/dispatcher.rb:104:in `synchronize'
    /usr/local/lib/ruby/gems/1.8/gems/actionpack-2.1.2/lib/action_controller/dispatcher.rb:104:in `dispatch'
    /usr/local/lib/ruby/gems/1.8/gems/actionpack-2.1.2/lib/action_controller/dispatcher.rb:120:in `dispatch_cgi'
    /usr/local/lib/ruby/gems/1.8/gems/actionpack-2.1.2/lib/action_controller/dispatcher.rb:35:in `dispatch'
    /usr/local/lib/ruby/gems/1.8/gems/mongrel-1.1.5/bin/../lib/mongrel/rails.rb:76:in `process'
    /usr/local/lib/ruby/gems/1.8/gems/mongrel-1.1.5/bin/../lib/mongrel/rails.rb:74:in `synchronize'
    /usr/local/lib/ruby/gems/1.8/gems/mongrel-1.1.5/bin/../lib/mongrel/rails.rb:74:in `process'
    /usr/local/lib/ruby/gems/1.8/gems/mongrel-1.1.5/lib/mongrel.rb:159:in `process_client'
    /usr/local/lib/ruby/gems/1.8/gems/mongrel-1.1.5/lib/mongrel.rb:158:in `each'
    /usr/local/lib/ruby/gems/1.8/gems/mongrel-1.1.5/lib/mongrel.rb:158:in `process_client'
    /usr/local/lib/ruby/gems/1.8/gems/mongrel-1.1.5/lib/mongrel.rb:285:in `run'
    /usr/local/lib/ruby/gems/1.8/gems/mongrel-1.1.5/lib/mongrel.rb:285:in `initialize'
    /usr/local/lib/ruby/gems/1.8/gems/mongrel-1.1.5/lib/mongrel.rb:285:in `new'
    /usr/local/lib/ruby/gems/1.8/gems/mongrel-1.1.5/lib/mongrel.rb:285:in `run'
    /usr/local/lib/ruby/gems/1.8/gems/mongrel-1.1.5/lib/mongrel.rb:268:in `initialize'
    /usr/local/lib/ruby/gems/1.8/gems/mongrel-1.1.5/lib/mongrel.rb:268:in `new'
    /usr/local/lib/ruby/gems/1.8/gems/mongrel-1.1.5/lib/mongrel.rb:268:in `run'
    /usr/local/lib/ruby/gems/1.8/gems/mongrel-1.1.5/lib/mongrel/configurator.rb:282:in `run'
    /usr/local/lib/ruby/gems/1.8/gems/mongrel-1.1.5/lib/mongrel/configurator.rb:281:in `each'
    /usr/local/lib/ruby/gems/1.8/gems/mongrel-1.1.5/lib/mongrel/configurator.rb:281:in `run'
    /usr/local/lib/ruby/gems/1.8/gems/mongrel-1.1.5/bin/mongrel_rails:128:in `run'
    /usr/local/lib/ruby/gems/1.8/gems/mongrel-1.1.5/lib/mongrel/command.rb:212:in `run'
    /usr/local/lib/ruby/gems/1.8/gems/mongrel-1.1.5/bin/mongrel_rails:281
    /usr/local/lib/ruby/gems/1.8/gems/activesupport-2.1.2/lib/active_support/dependencies.rb:503:in `load'
    /usr/local/lib/ruby/gems/1.8/gems/activesupport-2.1.2/lib/active_support/dependencies.rb:503:in `load'
    /usr/local/lib/ruby/gems/1.8/gems/activesupport-2.1.2/lib/active_support/dependencies.rb:355:in `new_constants_in'
    /usr/local/lib/ruby/gems/1.8/gems/activesupport-2.1.2/lib/active_support/dependencies.rb:503:in `load'
    /usr/local/lib/ruby/gems/1.8/gems/rails-2.1.2/lib/commands/servers/mongrel.rb:64
    /usr/local/lib/ruby/site_ruby/1.8/rubygems/custom_require.rb:27:in `gem_original_require'
    /usr/local/lib/ruby/site_ruby/1.8/rubygems/custom_require.rb:27:in `require'
    /usr/local/lib/ruby/gems/1.8/gems/activesupport-2.1.2/lib/active_support/dependencies.rb:510:in `require'
    /usr/local/lib/ruby/gems/1.8/gems/activesupport-2.1.2/lib/active_support/dependencies.rb:355:in `new_constants_in'
    /usr/local/lib/ruby/gems/1.8/gems/activesupport-2.1.2/lib/active_support/dependencies.rb:510:in `require'
    /usr/local/lib/ruby/gems/1.8/gems/rails-2.1.2/lib/commands/server.rb:39
    /usr/local/lib/ruby/site_ruby/1.8/rubygems/custom_require.rb:27:in `gem_original_require'
    /usr/local/lib/ruby/site_ruby/1.8/rubygems/custom_require.rb:27:in `require'
    script/server:3

Rendering /usr/local/lib/ruby/gems/1.8/gems/actionpack-2.1.2/lib/action_controller/templates/rescues/layout.erb (internal_server_error)


Processing Admin::OverviewController#index (for 127.0.0.1 at 2009-01-01 14:45:50) [GET]
  Session ID: BAh7BiIKZmxhc2hJQzonQWN0aW9uQ29udHJvbGxlcjo6Rmxhc2g6OkZsYXNo
SGFzaHsABjoKQHVzZWR7AA==--e33eec26ec6adce39e95a97e2653133e72739d74
  Parameters: {"oauth_nonce"=>"B41l6c", "action"=>"index", "oauth_signature_method"=>"HMAC-SHA1", "controller"=>"admin/overview", "oauth_timestamp"=>"1230849950", "oauth_signature"=>"NhTDR9H6Z4bC+JRq5OqwsPNEMN8="}


ActiveRecord::StatementInvalid (Mysql::Error: #42S02Table 'attic_antiques_production.taxonomies' doesn't exist: SELECT * FROM `taxonomies`     ):
    /usr/local/lib/ruby/gems/1.8/gems/activerecord-2.1.2/lib/active_record/connection_adapters/abstract_adapter.rb:147:in `log'
    /usr/local/lib/ruby/gems/1.8/gems/activerecord-2.1.2/lib/active_record/connection_adapters/mysql_adapter.rb:302:in `execute'
    /usr/local/lib/ruby/gems/1.8/gems/activerecord-2.1.2/lib/active_record/connection_adapters/mysql_adapter.rb:537:in `select'
    /usr/local/lib/ruby/gems/1.8/gems/activerecord-2.1.2/lib/active_record/connection_adapters/abstract/database_statements.rb:7:in `select_all_without_query_cache'
    /usr/local/lib/ruby/gems/1.8/gems/activerecord-2.1.2/lib/active_record/connection_adapters/abstract/query_cache.rb:59:in `select_all'
    /usr/local/lib/ruby/gems/1.8/gems/activerecord-2.1.2/lib/active_record/connection_adapters/abstract/query_cache.rb:80:in `cache_sql'
    /usr/local/lib/ruby/gems/1.8/gems/activerecord-2.1.2/lib/active_record/connection_adapters/abstract/query_cache.rb:59:in `select_all'
    /usr/local/lib/ruby/gems/1.8/gems/activerecord-2.1.2/lib/active_record/base.rb:586:in `find_by_sql'
    /usr/local/lib/ruby/gems/1.8/gems/activerecord-2.1.2/lib/active_record/base.rb:1345:in `find_every'
    /usr/local/lib/ruby/gems/1.8/gems/activerecord-2.1.2/lib/active_record/base.rb:540:in `find_without_pagination'
    /usr/local/lib/ruby/gems/1.8/gems/spree-0.5.99/lib/plugins/paginating_find/lib/paginating_find.rb:103:in `find'
    /usr/local/lib/ruby/gems/1.8/gems/spree-0.5.99/app/controllers/application.rb:26:in `instantiate_controller_and_action_names'
    /usr/local/lib/ruby/gems/1.8/gems/activesupport-2.1.2/lib/active_support/callbacks.rb:173:in `send'
    /usr/local/lib/ruby/gems/1.8/gems/activesupport-2.1.2/lib/active_support/callbacks.rb:173:in `evaluate_method'
    /usr/local/lib/ruby/gems/1.8/gems/activesupport-2.1.2/lib/active_support/callbacks.rb:161:in `call'
    /usr/local/lib/ruby/gems/1.8/gems/actionpack-2.1.2/lib/action_controller/filters.rb:191:in `call'
    /usr/local/lib/ruby/gems/1.8/gems/actionpack-2.1.2/lib/action_controller/filters.rb:591:in `run_before_filters'
    /usr/local/lib/ruby/gems/1.8/gems/actionpack-2.1.2/lib/action_controller/filters.rb:577:in `call_filters'
    /usr/local/lib/ruby/gems/1.8/gems/actionpack-2.1.2/lib/action_controller/filters.rb:572:in `perform_action_without_benchmark'
    /usr/local/lib/ruby/gems/1.8/gems/actionpack-2.1.2/lib/action_controller/benchmarking.rb:68:in `perform_action_without_rescue'
    /usr/local/lib/ruby/1.8/benchmark.rb:293:in `measure'
    /usr/local/lib/ruby/gems/1.8/gems/actionpack-2.1.2/lib/action_controller/benchmarking.rb:68:in `perform_action_without_rescue'
    /usr/local/lib/ruby/gems/1.8/gems/actionpack-2.1.2/lib/action_controller/rescue.rb:201:in `perform_action_without_caching'
    /usr/local/lib/ruby/gems/1.8/gems/actionpack-2.1.2/lib/action_controller/caching/sql_cache.rb:13:in `perform_action'
    /usr/local/lib/ruby/gems/1.8/gems/activerecord-2.1.2/lib/active_record/connection_adapters/abstract/query_cache.rb:33:in `cache'
    /usr/local/lib/ruby/gems/1.8/gems/activerecord-2.1.2/lib/active_record/query_cache.rb:8:in `cache'
    /usr/local/lib/ruby/gems/1.8/gems/actionpack-2.1.2/lib/action_controller/caching/sql_cache.rb:12:in `perform_action'
    /usr/local/lib/ruby/gems/1.8/gems/actionpack-2.1.2/lib/action_controller/base.rb:529:in `send'
    /usr/local/lib/ruby/gems/1.8/gems/actionpack-2.1.2/lib/action_controller/base.rb:529:in `process_without_filters'
    /usr/local/lib/ruby/gems/1.8/gems/actionpack-2.1.2/lib/action_controller/filters.rb:568:in `process_without_session_management_support'
    /usr/local/lib/ruby/gems/1.8/gems/actionpack-2.1.2/lib/action_controller/session_management.rb:130:in `process'
    /usr/local/lib/ruby/gems/1.8/gems/actionpack-2.1.2/lib/action_controller/base.rb:389:in `process'
    /usr/local/lib/ruby/gems/1.8/gems/actionpack-2.1.2/lib/action_controller/dispatcher.rb:149:in `handle_request'
    /usr/local/lib/ruby/gems/1.8/gems/actionpack-2.1.2/lib/action_controller/dispatcher.rb:107:in `dispatch'
    /usr/local/lib/ruby/gems/1.8/gems/actionpack-2.1.2/lib/action_controller/dispatcher.rb:104:in `synchronize'
    /usr/local/lib/ruby/gems/1.8/gems/actionpack-2.1.2/lib/action_controller/dispatcher.rb:104:in `dispatch'
    /usr/local/lib/ruby/gems/1.8/gems/actionpack-2.1.2/lib/action_controller/dispatcher.rb:120:in `dispatch_cgi'
    /usr/local/lib/ruby/gems/1.8/gems/actionpack-2.1.2/lib/action_controller/dispatcher.rb:35:in `dispatch'
    /usr/local/lib/ruby/gems/1.8/gems/mongrel-1.1.5/bin/../lib/mongrel/rails.rb:76:in `process'
    /usr/local/lib/ruby/gems/1.8/gems/mongrel-1.1.5/bin/../lib/mongrel/rails.rb:74:in `synchronize'
    /usr/local/lib/ruby/gems/1.8/gems/mongrel-1.1.5/bin/../lib/mongrel/rails.rb:74:in `process'
    /usr/local/lib/ruby/gems/1.8/gems/mongrel-1.1.5/lib/mongrel.rb:159:in `process_client'
    /usr/local/lib/ruby/gems/1.8/gems/mongrel-1.1.5/lib/mongrel.rb:158:in `each'
    /usr/local/lib/ruby/gems/1.8/gems/mongrel-1.1.5/lib/mongrel.rb:158:in `process_client'
    /usr/local/lib/ruby/gems/1.8/gems/mongrel-1.1.5/lib/mongrel.rb:285:in `run'
    /usr/local/lib/ruby/gems/1.8/gems/mongrel-1.1.5/lib/mongrel.rb:285:in `initialize'
    /usr/local/lib/ruby/gems/1.8/gems/mongrel-1.1.5/lib/mongrel.rb:285:in `new'
    /usr/local/lib/ruby/gems/1.8/gems/mongrel-1.1.5/lib/mongrel.rb:285:in `run'
    /usr/local/lib/ruby/gems/1.8/gems/mongrel-1.1.5/lib/mongrel.rb:268:in `initialize'
    /usr/local/lib/ruby/gems/1.8/gems/mongrel-1.1.5/lib/mongrel.rb:268:in `new'
    /usr/local/lib/ruby/gems/1.8/gems/mongrel-1.1.5/lib/mongrel.rb:268:in `run'
    /usr/local/lib/ruby/gems/1.8/gems/mongrel-1.1.5/lib/mongrel/configurator.rb:282:in `run'
    /usr/local/lib/ruby/gems/1.8/gems/mongrel-1.1.5/lib/mongrel/configurator.rb:281:in `each'
    /usr/local/lib/ruby/gems/1.8/gems/mongrel-1.1.5/lib/mongrel/configurator.rb:281:in `run'
    /usr/local/lib/ruby/gems/1.8/gems/mongrel-1.1.5/bin/mongrel_rails:128:in `run'
    /usr/local/lib/ruby/gems/1.8/gems/mongrel-1.1.5/lib/mongrel/command.rb:212:in `run'
    /usr/local/lib/ruby/gems/1.8/gems/mongrel-1.1.5/bin/mongrel_rails:281
    /usr/local/lib/ruby/gems/1.8/gems/activesupport-2.1.2/lib/active_support/dependencies.rb:503:in `load'
    /usr/local/lib/ruby/gems/1.8/gems/activesupport-2.1.2/lib/active_support/dependencies.rb:503:in `load'
    /usr/local/lib/ruby/gems/1.8/gems/activesupport-2.1.2/lib/active_support/dependencies.rb:355:in `new_constants_in'
    /usr/local/lib/ruby/gems/1.8/gems/activesupport-2.1.2/lib/active_support/dependencies.rb:503:in `load'
    /usr/local/lib/ruby/gems/1.8/gems/rails-2.1.2/lib/commands/servers/mongrel.rb:64
    /usr/local/lib/ruby/site_ruby/1.8/rubygems/custom_require.rb:27:in `gem_original_require'
    /usr/local/lib/ruby/site_ruby/1.8/rubygems/custom_require.rb:27:in `require'
    /usr/local/lib/ruby/gems/1.8/gems/activesupport-2.1.2/lib/active_support/dependencies.rb:510:in `require'
    /usr/local/lib/ruby/gems/1.8/gems/activesupport-2.1.2/lib/active_support/dependencies.rb:355:in `new_constants_in'
    /usr/local/lib/ruby/gems/1.8/gems/activesupport-2.1.2/lib/active_support/dependencies.rb:510:in `require'
    /usr/local/lib/ruby/gems/1.8/gems/rails-2.1.2/lib/commands/server.rb:39
    /usr/local/lib/ruby/site_ruby/1.8/rubygems/custom_require.rb:27:in `gem_original_require'
    /usr/local/lib/ruby/site_ruby/1.8/rubygems/custom_require.rb:27:in `require'
    script/server:3

Rendering /usr/local/lib/ruby/gems/1.8/gems/actionpack-2.1.2/lib/action_controller/templates/rescues/layout.erb (internal_server_error)
